Log file open, 05/16/20 11:22:27
LogWindows: Failed to load 'aqProf.dll' (GetLastError=126)
LogWindows: File 'aqProf.dll' does not exist
LogWindows: Failed to load 'VtuneApi.dll' (GetLastError=126)
LogWindows: File 'VtuneApi.dll' does not exist
LogWindows: Failed to load 'VtuneApi32e.dll' (GetLastError=126)
LogWindows: File 'VtuneApi32e.dll' does not exist
LogConsoleResponse: Display: Failed to find resolution value strings in scalability ini. Falling back to default.
LogInit: Display: Running engine for game: Moonfall
LogPakFile: Registered encryption key '00000000000000000000000000000000': 0 pak files mounted, 0 remain pending
LogPlatformFile: Not using cached read wrapper
LogTaskGraph: Started task graph with 5 named threads and 35 total threads with 3 sets of task threads.
LogStats: Stats thread started at 0.510086
LogD3D11RHI: Loaded GFSDK_Aftermath_Lib.x64.dll
LogICUInternationalization: ICU TimeZone Detection - Raw Offset: +0:00, Platform Override: ''
LogPluginManager: Mounting plugin Paper2D
LogPluginManager: Mounting plugin AISupport
LogPluginManager: Mounting plugin LightPropagationVolume
LogPluginManager: Mounting plugin ActorLayerUtilities
LogPluginManager: Mounting plugin AnimationSharing
LogPluginManager: Mounting plugin CLionSourceCodeAccess
LogPluginManager: Mounting plugin CodeLiteSourceCodeAccess
LogPluginManager: Mounting plugin GitSourceControl
LogPluginManager: Mounting plugin KDevelopSourceCodeAccess
LogPluginManager: Mounting plugin NullSourceCodeAccess
LogPluginManager: Mounting plugin PerforceSourceControl
LogPluginManager: Mounting plugin SubversionSourceControl
LogPluginManager: Mounting plugin UObjectPlugin
LogPluginManager: Mounting plugin VisualStudioCodeSourceCodeAccess
LogPluginManager: Mounting plugin VisualStudioSourceCodeAccess
LogPluginManager: Mounting plugin XCodeSourceCodeAccess
LogPluginManager: Mounting plugin AssetManagerEditor
LogPluginManager: Mounting plugin CryptoKeys
LogPluginManager: Mounting plugin DataValidation
LogPluginManager: Mounting plugin EditorScriptingUtilities
LogPluginManager: Mounting plugin FacialAnimation
LogPluginManager: Mounting plugin GameplayTagsEditor
LogPluginManager: Mounting plugin GLTFImporter
LogPluginManager: Mounting plugin MacGraphicsSwitching
LogPluginManager: Mounting plugin MaterialAnalyzer
LogPluginManager: Mounting plugin MeshEditor
LogPluginManager: Mounting plugin MobileLauncherProfileWizard
LogPluginManager: Mounting plugin PluginBrowser
LogPluginManager: Mounting plugin SpeedTreeImporter
LogPluginManager: Mounting plugin DatasmithContent
LogPluginManager: Mounting plugin VariantManagerContent
LogPluginManager: Mounting plugin AlembicImporter
LogPluginManager: Mounting plugin AppleImageUtils
LogPluginManager: Mounting plugin AppleVision
LogPluginManager: Mounting plugin BackChannel
LogPluginManager: Mounting plugin BlastPlugin
LogPluginManager: Mounting plugin ChaosSolverPlugin
LogPluginManager: Mounting plugin CharacterAI
LogPluginManager: Mounting plugin GeometryCache
LogPluginManager: Mounting plugin GeometryCollectionPlugin
LogPluginManager: Mounting plugin HTML5Networking
LogPluginManager: Mounting plugin ProxyLODPlugin
LogPluginManager: Mounting plugin SkeletalReduction
LogPluginManager: Mounting plugin MagicLeap
LogPluginManager: Mounting plugin MagicLeapMedia
LogPluginManager: Mounting plugin AndroidMedia
LogPluginManager: Mounting plugin AvfMedia
LogPluginManager: Mounting plugin ImgMedia
LogPluginManager: Mounting plugin LinearTimecode
LogPluginManager: Mounting plugin MediaCompositing
LogPluginManager: Mounting plugin MediaPlayerEditor
LogPluginManager: Mounting plugin WebMMedia
LogPluginManager: Mounting plugin WmfMedia
LogPluginManager: Mounting plugin TcpMessaging
LogPluginManager: Mounting plugin UdpMessaging
LogPluginManager: Mounting plugin ActorSequence
LogPluginManager: Mounting plugin LevelSequenceEditor
LogPluginManager: Mounting plugin MatineeToLevelSequence
LogPluginManager: Mounting plugin NetcodeUnitTest
LogPluginManager: Mounting plugin NUTUnrealEngine4
LogPluginManager: Mounting plugin OnlineSubsystemGooglePlay
LogPluginManager: Mounting plugin OnlineSubsystemIOS
LogPluginManager: Mounting plugin OnlineSubsystem
LogPluginManager: Mounting plugin OnlineSubsystemNull
LogPluginManager: Mounting plugin OnlineSubsystemUtils
LogPluginManager: Mounting plugin LauncherChunkInstaller
LogPluginManager: Mounting plugin AndroidDeviceProfileSelector
LogPluginManager: Mounting plugin AndroidMoviePlayer
LogPluginManager: Mounting plugin AndroidPermission
LogPluginManager: Mounting plugin AppleMoviePlayer
LogPluginManager: Mounting plugin ArchVisCharacter
LogPluginManager: Mounting plugin AudioCapture
LogPluginManager: Mounting plugin CableComponent
LogPluginManager: Mounting plugin CustomMeshComponent
LogPluginManager: Mounting plugin EditableMesh
LogPluginManager: Mounting plugin ExampleDeviceProfileSelector
LogPluginManager: Mounting plugin Firebase
LogPluginManager: Mounting plugin GoogleCloudMessaging
LogPluginManager: Mounting plugin IOSDeviceProfileSelector
LogPluginManager: Mounting plugin LinuxDeviceProfileSelector
LogPluginManager: Mounting plugin LocationServicesBPLibrary
LogPluginManager: Mounting plugin MobilePatchingUtils
LogPluginManager: Mounting plugin OculusVR
LogPluginManager: Mounting plugin PhysXVehicles
LogPluginManager: Mounting plugin ProceduralMeshComponent
LogPluginManager: Mounting plugin RuntimePhysXCooking
LogPluginManager: Mounting plugin SignificanceManager
LogPluginManager: Mounting plugin SteamVR
LogPluginManager: Mounting plugin WebMMoviePlayer
LogPluginManager: Mounting plugin WindowsMoviePlayer
LogPluginManager: Mounting plugin DatasmithCADImporter
LogPluginManager: Mounting plugin DatasmithDataPrepEditor
LogPluginManager: Mounting plugin DatasmithFBXImporter
LogPluginManager: Mounting plugin DatasmithGLTFImporter
LogPluginManager: Mounting plugin DatasmithImporter
LogPluginManager: Mounting plugin MDLImporter
LogPluginManager: Mounting plugin StaticMeshEditorExtension
LogPluginManager: Mounting plugin VariantManager
LogInit: Using libcurl 7.55.1-DEV
LogInit:  - built for x86_64-pc-win32
LogInit:  - supports SSL with OpenSSL/1.1.1
LogInit:  - supports HTTP deflate (compression) using libz 1.2.8
LogInit:  - other features:
LogInit:      CURL_VERSION_SSL
LogInit:      CURL_VERSION_LIBZ
LogInit:      CURL_VERSION_IPV6
LogInit:      CURL_VERSION_ASYNCHDNS
LogInit:      CURL_VERSION_LARGEFILE
LogInit:      CURL_VERSION_IDN
LogInit:  CurlRequestOptions (configurable via config and command line):
LogInit:  - bVerifyPeer = true  - Libcurl will verify peer certificate
LogInit:  - bUseHttpProxy = false  - Libcurl will NOT use HTTP proxy
LogInit:  - bDontReuseConnections = false  - Libcurl will reuse connections
LogInit:  - MaxHostConnections = 16  - Libcurl will limit the number of connections to a host
LogInit:  - LocalHostAddr = Default
LogInit:  - BufferSize = 65536
LogInit: WinSock: version 1.1 (2.2), MaxSocks=32767, MaxUdp=65467
LogInit: Build: ++UE4+Release-4.22-CL-7053642
LogInit: Engine Version: 4.22.3-7053642+++UE4+Release-4.22
LogInit: Compatible Engine Version: 4.22.0-5660361+++UE4+Release-4.22
LogInit: Net CL: 5660361
LogInit: OS: Windows 10 (Release 1903) (), CPU: Intel(R) Core(TM) i7-8750H CPU @ 2.20GHz, GPU: NVIDIA GeForce GTX 1070
LogInit: Compiled (64-bit): Jun 18 2019 03:09:11
LogInit: Compiled with Visual C++: 19.16.27025.01
LogInit: Build Configuration: Development
LogInit: Branch Name: ++UE4+Release-4.22
LogInit: Command Line: 
LogInit: Base Directory: D:/Unreal/UE_4.22/Engine/Binaries/Win64/
LogInit: Installed Engine Build: 1
LogDevObjectVersion: Number of dev versions registered: 23
LogDevObjectVersion:   Dev-Blueprints (B0D832E4-1F89-4F0D-ACCF-7EB736FD4AA2): 10
LogDevObjectVersion:   Dev-Build (E1C64328-A22C-4D53-A36C-8E866417BD8C): 0
LogDevObjectVersion:   Dev-Core (375EC13C-06E4-48FB-B500-84F0262A717E): 3
LogDevObjectVersion:   Dev-Editor (E4B068ED-F494-42E9-A231-DA0B2E46BB41): 30
LogDevObjectVersion:   Dev-Framework (CFFC743F-43B0-4480-9391-14DF171D2073): 35
LogDevObjectVersion:   Dev-Mobile (B02B49B5-BB20-44E9-A304-32B752E40360): 2
LogDevObjectVersion:   Dev-Networking (A4E4105C-59A1-49B5-A7C5-40C4547EDFEE): 0
LogDevObjectVersion:   Dev-Online (39C831C9-5AE6-47DC-9A44-9C173E1C8E7C): 0
LogDevObjectVersion:   Dev-Physics (78F01B33-EBEA-4F98-B9B4-84EACCB95AA2): 0
LogDevObjectVersion:   Dev-Platform (6631380F-2D4D-43E0-8009-CF276956A95A): 0
LogDevObjectVersion:   Dev-Rendering (12F88B9F-8875-4AFC-A67C-D90C383ABD29): 28
LogDevObjectVersion:   Dev-Sequencer (7B5AE74C-D270-4C10-A958-57980B212A5A): 11
LogDevObjectVersion:   Dev-VR (D7296918-1DD6-4BDD-9DE2-64A83CC13884): 2
LogDevObjectVersion:   Dev-LoadTimes (C2A15278-BFE7-4AFE-6C17-90FF531DF755): 1
LogDevObjectVersion:   Private-Geometry (6EACA3D4-40EC-4CC1-B786-8BED09428FC5): 3
LogDevObjectVersion:   Dev-AnimPhys (29E575DD-E0A3-4627-9D10-D276232CDCEA): 17
LogDevObjectVersion:   Dev-Anim (AF43A65D-7FD3-4947-9873-3E8ED9C1BB05): 2
LogDevObjectVersion:   Dev-ReflectionCapture (6B266CEC-1EC7-4B8F-A30B-E4D90942FC07): 1
LogDevObjectVersion:   Dev-Automation (0DF73D61-A23F-47EA-B727-89E90C41499A): 1
LogDevObjectVersion:   FortniteMain (601D1886-AC64-4F84-AA16-D3DE0DEAC7D6): 25
LogDevObjectVersion:   Dev-Enterprise (9DFFBCD6-494F-0158-E221-12823C92A888): 6
LogDevObjectVersion:   Dev-Niagara (F2AED0AC-9AFE-416F-8664-AA7FFA26D6FC): 1
LogDevObjectVersion:   Dev-Destruction (174F1F0B-B4C6-45A5-B13F-2EE8D0FB917D): 2
LogInit: Presizing for max 16777216 objects, including 0 objects not considered by GC, pre-allocating 0 bytes for permanent pool.
LogInit: Object subsystem initialized
LogConfig: Setting CVar [[con.DebugEarlyDefault:1]]
LogConfig: Setting CVar [[r.setres:1280x720]]
[2020.05.16-10.22.29:855][  0]LogConfig: Setting CVar [[r.VSync:0]]
[2020.05.16-10.22.29:855][  0]LogConfig: Setting CVar [[r.RHICmdBypass:0]]
[2020.05.16-10.22.29:855][  0]LogConfig: Applying CVar settings from Section [/Script/Engine.RendererSettings] File [E:/Year 2 Unreal Projects/Moonfall/Saved/Config/Windows/Engine.ini]
[2020.05.16-10.22.29:855][  0]LogConfig: Setting CVar [[r.GPUCrashDebugging:0]]
[2020.05.16-10.22.29:855][  0]LogConfig: Setting CVar [[r.EarlyZPassOnlyMaterialMasking:0]]
[2020.05.16-10.22.29:855][  0]LogConfig: Applying CVar settings from Section [/Script/Engine.RendererOverrideSettings] File [E:/Year 2 Unreal Projects/Moonfall/Saved/Config/Windows/Engine.ini]
[2020.05.16-10.22.29:855][  0]LogConfig: Applying CVar settings from Section [/Script/Engine.StreamingSettings] File [E:/Year 2 Unreal Projects/Moonfall/Saved/Config/Windows/Engine.ini]
[2020.05.16-10.22.29:855][  0]LogConfig: Setting CVar [[s.MinBulkDataSizeForAsyncLoading:131072]]
[2020.05.16-10.22.29:855][  0]LogConfig: Setting CVar [[s.AsyncLoadingThreadEnabled:0]]
[2020.05.16-10.22.29:855][  0]LogConfig: Setting CVar [[s.EventDrivenLoaderEnabled:1]]
[2020.05.16-10.22.29:855][  0]LogConfig: Setting CVar [[s.WarnIfTimeLimitExceeded:0]]
[2020.05.16-10.22.29:855][  0]LogConfig: Setting CVar [[s.TimeLimitExceededMultiplier:1.5]]
[2020.05.16-10.22.29:855][  0]LogConfig: Setting CVar [[s.TimeLimitExceededMinTime:0.005]]
[2020.05.16-10.22.29:855][  0]LogConfig: Setting CVar [[s.UseBackgroundLevelStreaming:1]]
[2020.05.16-10.22.29:855][  0]LogConfig: Setting CVar [[s.PriorityAsyncLoadingExtraTime:15.0]]
[2020.05.16-10.22.29:855][  0]LogConfig: Setting CVar [[s.LevelStreamingActorsUpdateTimeLimit:5.0]]
[2020.05.16-10.22.29:855][  0]LogConfig: Setting CVar [[s.PriorityLevelStreamingActorsUpdateExtraTime:5.0]]
[2020.05.16-10.22.29:856][  0]LogConfig: Setting CVar [[s.LevelStreamingComponentsRegistrationGranularity:10]]
[2020.05.16-10.22.29:856][  0]LogConfig: Setting CVar [[s.UnregisterComponentsTimeLimit:1.0]]
[2020.05.16-10.22.29:856][  0]LogConfig: Setting CVar [[s.LevelStreamingComponentsUnregistrationGranularity:5]]
[2020.05.16-10.22.29:856][  0]LogConfig: Applying CVar settings from Section [/Script/Engine.GarbageCollectionSettings] File [E:/Year 2 Unreal Projects/Moonfall/Saved/Config/Windows/Engine.ini]
[2020.05.16-10.22.29:856][  0]LogConfig: Setting CVar [[gc.MaxObjectsNotConsideredByGC:1]]
[2020.05.16-10.22.29:856][  0]LogConfig: Setting CVar [[gc.SizeOfPermanentObjectPool:0]]
[2020.05.16-10.22.29:856][  0]LogConfig: Setting CVar [[gc.FlushStreamingOnGC:0]]
[2020.05.16-10.22.29:856][  0]LogConfig: Setting CVar [[gc.NumRetriesBeforeForcingGC:10]]
[2020.05.16-10.22.29:856][  0]LogConfig: Setting CVar [[gc.AllowParallelGC:1]]
[2020.05.16-10.22.29:856][  0]LogConfig: Setting CVar [[gc.TimeBetweenPurgingPendingKillObjects:61.1]]
[2020.05.16-10.22.29:856][  0]LogConfig: Setting CVar [[gc.MaxObjectsInEditor:16777216]]
[2020.05.16-10.22.29:856][  0]LogConfig: Setting CVar [[gc.IncrementalBeginDestroyEnabled:1]]
[2020.05.16-10.22.29:856][  0]LogConfig: Setting CVar [[gc.CreateGCClusters:1]]
[2020.05.16-10.22.29:856][  0]LogConfig: Setting CVar [[gc.MinGCClusterSize:5]]
[2020.05.16-10.22.29:856][  0]LogConfig: Setting CVar [[gc.ActorClusteringEnabled:0]]
[2020.05.16-10.22.29:856][  0]LogConfig: Setting CVar [[gc.BlueprintClusteringEnabled:0]]
[2020.05.16-10.22.29:856][  0]LogConfig: Setting CVar [[gc.UseDisregardForGCOnDedicatedServers:0]]
[2020.05.16-10.22.29:856][  0]LogConfig: Applying CVar settings from Section [/Script/Engine.NetworkSettings] File [E:/Year 2 Unreal Projects/Moonfall/Saved/Config/Windows/Engine.ini]
[2020.05.16-10.22.29:856][  0]LogConfig: Applying CVar settings from Section [/Script/UnrealEd.CookerSettings] File [E:/Year 2 Unreal Projects/Moonfall/Saved/Config/Windows/Engine.ini]
[2020.05.16-10.22.29:888][  0]LogConfig: Applying CVar settings from Section [ViewDistanceQuality@3] File [E:/Year 2 Unreal Projects/Moonfall/Saved/Config/Windows/Scalability.ini]
[2020.05.16-10.22.29:888][  0]LogConfig: Setting CVar [[r.SkeletalMeshLODBias:0]]
[2020.05.16-10.22.29:888][  0]LogConfig: Setting CVar [[r.ViewDistanceScale:1.0]]
[2020.05.16-10.22.29:888][  0]LogConfig: Applying CVar settings from Section [AntiAliasingQuality@3] File [E:/Year 2 Unreal Projects/Moonfall/Saved/Config/Windows/Scalability.ini]
[2020.05.16-10.22.29:888][  0]LogConfig: Setting CVar [[r.PostProcessAAQuality:4]]
[2020.05.16-10.22.29:888][  0]LogConfig: Applying CVar settings from Section [ShadowQuality@3] File [E:/Year 2 Unreal Projects/Moonfall/Saved/Config/Windows/Scalability.ini]
[2020.05.16-10.22.29:888][  0]LogConfig: Setting CVar [[r.LightFunctionQuality:1]]
[2020.05.16-10.22.29:888][  0]LogConfig: Setting CVar [[r.ShadowQuality:5]]
[2020.05.16-10.22.29:888][  0]LogConfig: Setting CVar [[r.Shadow.CSM.MaxCascades:10]]
[2020.05.16-10.22.29:888][  0]LogConfig: Setting CVar [[r.Shadow.MaxResolution:2048]]
[2020.05.16-10.22.29:888][  0]LogConfig: Setting CVar [[r.Shadow.MaxCSMResolution:2048]]
[2020.05.16-10.22.29:888][  0]LogConfig: Setting CVar [[r.Shadow.RadiusThreshold:0.01]]
[2020.05.16-10.22.29:888][  0]LogConfig: Setting CVar [[r.Shadow.DistanceScale:1.0]]
[2020.05.16-10.22.29:888][  0]LogConfig: Setting CVar [[r.Shadow.CSM.TransitionScale:1.0]]
[2020.05.16-10.22.29:888][  0]LogConfig: Setting CVar [[r.Shadow.PreShadowResolutionFactor:1.0]]
[2020.05.16-10.22.29:888][  0]LogConfig: Setting CVar [[r.DistanceFieldShadowing:1]]
[2020.05.16-10.22.29:888][  0]LogConfig: Setting CVar [[r.DistanceFieldAO:1]]
[2020.05.16-10.22.29:888][  0]LogConfig: Setting CVar [[r.AOQuality:2]]
[2020.05.16-10.22.29:888][  0]LogConfig: Setting CVar [[r.VolumetricFog:1]]
[2020.05.16-10.22.29:888][  0]LogConfig: Setting CVar [[r.VolumetricFog.GridPixelSize:8]]
[2020.05.16-10.22.29:888][  0]LogConfig: Setting CVar [[r.VolumetricFog.GridSizeZ:128]]
[2020.05.16-10.22.29:888][  0]LogConfig: Setting CVar [[r.VolumetricFog.HistoryMissSupersampleCount:4]]
[2020.05.16-10.22.29:888][  0]LogConfig: Setting CVar [[r.LightMaxDrawDistanceScale:1]]
[2020.05.16-10.22.29:888][  0]LogConfig: Setting CVar [[r.CapsuleShadows:1]]
[2020.05.16-10.22.29:888][  0]LogConfig: Applying CVar settings from Section [PostProcessQuality@3] File [E:/Year 2 Unreal Projects/Moonfall/Saved/Config/Windows/Scalability.ini]
[2020.05.16-10.22.29:888][  0]LogConfig: Setting CVar [[r.MotionBlurQuality:4]]
[2020.05.16-10.22.29:888][  0]LogConfig: Setting CVar [[r.AmbientOcclusionMipLevelFactor:0.4]]
[2020.05.16-10.22.29:888][  0]LogConfig: Setting CVar [[r.AmbientOcclusionMaxQuality:100]]
[2020.05.16-10.22.29:888][  0]LogConfig: Setting CVar [[r.AmbientOcclusionLevels:-1]]
[2020.05.16-10.22.29:888][  0]LogConfig: Setting CVar [[r.AmbientOcclusionRadiusScale:1.0]]
[2020.05.16-10.22.29:888][  0]LogConfig: Setting CVar [[r.DepthOfFieldQuality:2]]
[2020.05.16-10.22.29:888][  0]LogConfig: Setting CVar [[r.RenderTargetPoolMin:400]]
[2020.05.16-10.22.29:888][  0]LogConfig: Setting CVar [[r.LensFlareQuality:2]]
[2020.05.16-10.22.29:888][  0]LogConfig: Setting CVar [[r.SceneColorFringeQuality:1]]
[2020.05.16-10.22.29:888][  0]LogConfig: Setting CVar [[r.EyeAdaptationQuality:2]]
[2020.05.16-10.22.29:888][  0]LogConfig: Setting CVar [[r.BloomQuality:5]]
[2020.05.16-10.22.29:888][  0]LogConfig: Setting CVar [[r.FastBlurThreshold:100]]
[2020.05.16-10.22.29:888][  0]LogConfig: Setting CVar [[r.Upscale.Quality:3]]
[2020.05.16-10.22.29:888][  0]LogConfig: Setting CVar [[r.Tonemapper.GrainQuantization:1]]
[2020.05.16-10.22.29:888][  0]LogConfig: Setting CVar [[r.LightShaftQuality:1]]
[2020.05.16-10.22.29:888][  0]LogConfig: Setting CVar [[r.Filter.SizeScale:1]]
[2020.05.16-10.22.29:888][  0]LogConfig: Setting CVar [[r.Tonemapper.Quality:5]]
[2020.05.16-10.22.29:888][  0]LogConfig: Setting CVar [[r.DOF.Gather.AccumulatorQuality:1        ; higher gathering accumulator quality]]
[2020.05.16-10.22.29:888][  0]LogConfig: Setting CVar [[r.DOF.Gather.PostfilterMethod:1          ; Median3x3 postfilering method]]
[2020.05.16-10.22.29:888][  0]LogConfig: Setting CVar [[r.DOF.Gather.EnableBokehSettings:0       ; no bokeh simulation when gathering]]
[2020.05.16-10.22.29:888][  0]LogConfig: Setting CVar [[r.DOF.Gather.RingCount:4                 ; medium number of samples when gathering]]
[2020.05.16-10.22.29:888][  0]LogConfig: Setting CVar [[r.DOF.Scatter.ForegroundCompositing:1    ; additive foreground scattering]]
[2020.05.16-10.22.29:888][  0]LogConfig: Setting CVar [[r.DOF.Scatter.BackgroundCompositing:2    ; additive background scattering]]
[2020.05.16-10.22.29:888][  0]LogConfig: Setting CVar [[r.DOF.Scatter.EnableBokehSettings:1      ; bokeh simulation when scattering]]
[2020.05.16-10.22.29:888][  0]LogConfig: Setting CVar [[r.DOF.Scatter.MaxSpriteRatio:0.1         ; only a maximum of 10% of scattered bokeh]]
[2020.05.16-10.22.29:888][  0]LogConfig: Setting CVar [[r.DOF.Recombine.Quality:1                ; cheap slight out of focus]]
[2020.05.16-10.22.29:888][  0]LogConfig: Setting CVar [[r.DOF.Recombine.EnableBokehSettings:0    ; no bokeh simulation on slight out of focus]]
[2020.05.16-10.22.29:888][  0]LogConfig: Setting CVar [[r.DOF.TemporalAAQuality:1                ; more stable temporal accumulation]]
[2020.05.16-10.22.29:888][  0]LogConfig: Setting CVar [[r.DOF.Kernel.MaxForegroundRadius:0.025]]
[2020.05.16-10.22.29:888][  0]LogConfig: Setting CVar [[r.DOF.Kernel.MaxBackgroundRadius:0.025]]
[2020.05.16-10.22.29:888][  0]LogConfig: Applying CVar settings from Section [TextureQuality@3] File [E:/Year 2 Unreal Projects/Moonfall/Saved/Config/Windows/Scalability.ini]
[2020.05.16-10.22.29:888][  0]LogConfig: Setting CVar [[r.Streaming.MipBias:0]]
[2020.05.16-10.22.29:888][  0]LogConfig: Setting CVar [[r.Streaming.AmortizeCPUToGPUCopy:0]]
[2020.05.16-10.22.29:888][  0]LogConfig: Setting CVar [[r.Streaming.MaxNumTexturesToStreamPerFrame:0]]
[2020.05.16-10.22.29:888][  0]LogConfig: Setting CVar [[r.Streaming.Boost:1]]
[2020.05.16-10.22.29:888][  0]LogConfig: Setting CVar [[r.MaxAnisotropy:8]]
[2020.05.16-10.22.29:888][  0]LogConfig: Setting CVar [[r.Streaming.LimitPoolSizeToVRAM:0]]
[2020.05.16-10.22.29:888][  0]LogConfig: Setting CVar [[r.Streaming.PoolSize:1000]]
[2020.05.16-10.22.29:888][  0]LogConfig: Setting CVar [[r.Streaming.MaxEffectiveScreenSize:0]]
[2020.05.16-10.22.29:888][  0]LogConfig: Applying CVar settings from Section [EffectsQuality@3] File [E:/Year 2 Unreal Projects/Moonfall/Saved/Config/Windows/Scalability.ini]
[2020.05.16-10.22.29:888][  0]LogConfig: Setting CVar [[r.TranslucencyLightingVolumeDim:64]]
[2020.05.16-10.22.29:888][  0]LogConfig: Setting CVar [[r.RefractionQuality:2]]
[2020.05.16-10.22.29:888][  0]LogConfig: Setting CVar [[r.SSR.Quality:3]]
[2020.05.16-10.22.29:888][  0]LogConfig: Setting CVar [[r.SceneColorFormat:4]]
[2020.05.16-10.22.29:888][  0]LogConfig: Setting CVar [[r.DetailMode:2]]
[2020.05.16-10.22.29:888][  0]LogConfig: Setting CVar [[r.TranslucencyVolumeBlur:1]]
[2020.05.16-10.22.29:888][  0]LogConfig: Setting CVar [[r.MaterialQualityLevel:1 ; High quality]]
[2020.05.16-10.22.29:888][  0]LogConfig: Setting CVar [[r.SSS.Scale:1]]
[2020.05.16-10.22.29:888][  0]LogConfig: Setting CVar [[r.SSS.SampleSet:2]]
[2020.05.16-10.22.29:888][  0]LogConfig: Setting CVar [[r.SSS.Quality:1]]
[2020.05.16-10.22.29:888][  0]LogConfig: Setting CVar [[r.SSS.HalfRes:1]]
[2020.05.16-10.22.29:889][  0]LogConfig: Setting CVar [[r.EmitterSpawnRateScale:1.0]]
[2020.05.16-10.22.29:889][  0]LogConfig: Setting CVar [[r.ParticleLightQuality:2]]
[2020.05.16-10.22.29:889][  0]LogConfig: Applying CVar settings from Section [FoliageQuality@3] File [E:/Year 2 Unreal Projects/Moonfall/Saved/Config/Windows/Scalability.ini]
[2020.05.16-10.22.29:889][  0]LogConfig: Setting CVar [[foliage.DensityScale:1.0]]
[2020.05.16-10.22.29:889][  0]LogConfig: Setting CVar [[grass.DensityScale:1.0]]
[2020.05.16-10.22.29:893][  0]LogInit: Selected Device Profile: [Windows]
[2020.05.16-10.22.29:893][  0]LogInit: Applying CVar settings loaded from the selected device profile: [Windows]
[2020.05.16-10.22.29:945][  0]LogHAL: Display: Platform has ~ 16 GB [17035571200 / 17179869184 / 16], which maps to Larger [LargestMinGB=32, LargerMinGB=12, DefaultMinGB=8, SmallerMinGB=6, SmallestMinGB=0)
[2020.05.16-10.22.29:946][  0]LogConfig: Setting CVar [[r.Vulkan.UseRealUBs:0		; Required until we fix HLR fall-out]]
[2020.05.16-10.22.29:946][  0]LogInit: Going up to parent DeviceProfile []
[2020.05.16-10.22.29:947][  0]LogConfig: Applying CVar settings from Section [ViewDistanceQuality@3] File [E:/Year 2 Unreal Projects/Moonfall/Saved/Config/Windows/Scalability.ini]
[2020.05.16-10.22.29:947][  0]LogConfig: Setting CVar [[r.SkeletalMeshLODBias:0]]
[2020.05.16-10.22.29:947][  0]LogConfig: Setting CVar [[r.ViewDistanceScale:1.0]]
[2020.05.16-10.22.29:947][  0]LogConfig: Applying CVar settings from Section [AntiAliasingQuality@3] File [E:/Year 2 Unreal Projects/Moonfall/Saved/Config/Windows/Scalability.ini]
[2020.05.16-10.22.29:947][  0]LogConfig: Setting CVar [[r.PostProcessAAQuality:4]]
[2020.05.16-10.22.29:947][  0]LogConfig: Applying CVar settings from Section [ShadowQuality@3] File [E:/Year 2 Unreal Projects/Moonfall/Saved/Config/Windows/Scalability.ini]
[2020.05.16-10.22.29:947][  0]LogConfig: Setting CVar [[r.LightFunctionQuality:1]]
[2020.05.16-10.22.29:947][  0]LogConfig: Setting CVar [[r.ShadowQuality:5]]
[2020.05.16-10.22.29:947][  0]LogConfig: Setting CVar [[r.Shadow.CSM.MaxCascades:10]]
[2020.05.16-10.22.29:947][  0]LogConfig: Setting CVar [[r.Shadow.MaxResolution:2048]]
[2020.05.16-10.22.29:947][  0]LogConfig: Setting CVar [[r.Shadow.MaxCSMResolution:2048]]
[2020.05.16-10.22.29:947][  0]LogConfig: Setting CVar [[r.Shadow.RadiusThreshold:0.01]]
[2020.05.16-10.22.29:947][  0]LogConfig: Setting CVar [[r.Shadow.DistanceScale:1.0]]
[2020.05.16-10.22.29:947][  0]LogConfig: Setting CVar [[r.Shadow.CSM.TransitionScale:1.0]]
[2020.05.16-10.22.29:947][  0]LogConfig: Setting CVar [[r.Shadow.PreShadowResolutionFactor:1.0]]
[2020.05.16-10.22.29:947][  0]LogConfig: Setting CVar [[r.DistanceFieldShadowing:1]]
[2020.05.16-10.22.29:947][  0]LogConfig: Setting CVar [[r.DistanceFieldAO:1]]
[2020.05.16-10.22.29:947][  0]LogConfig: Setting CVar [[r.AOQuality:2]]
[2020.05.16-10.22.29:947][  0]LogConfig: Setting CVar [[r.VolumetricFog:1]]
[2020.05.16-10.22.29:947][  0]LogConfig: Setting CVar [[r.VolumetricFog.GridPixelSize:8]]
[2020.05.16-10.22.29:947][  0]LogConfig: Setting CVar [[r.VolumetricFog.GridSizeZ:128]]
[2020.05.16-10.22.29:947][  0]LogConfig: Setting CVar [[r.VolumetricFog.HistoryMissSupersampleCount:4]]
[2020.05.16-10.22.29:947][  0]LogConfig: Setting CVar [[r.LightMaxDrawDistanceScale:1]]
[2020.05.16-10.22.29:947][  0]LogConfig: Setting CVar [[r.CapsuleShadows:1]]
[2020.05.16-10.22.29:947][  0]LogConfig: Applying CVar settings from Section [PostProcessQuality@3] File [E:/Year 2 Unreal Projects/Moonfall/Saved/Config/Windows/Scalability.ini]
[2020.05.16-10.22.29:947][  0]LogConfig: Setting CVar [[r.MotionBlurQuality:4]]
[2020.05.16-10.22.29:947][  0]LogConfig: Setting CVar [[r.AmbientOcclusionMipLevelFactor:0.4]]
[2020.05.16-10.22.29:947][  0]LogConfig: Setting CVar [[r.AmbientOcclusionMaxQuality:100]]
[2020.05.16-10.22.29:947][  0]LogConfig: Setting CVar [[r.AmbientOcclusionLevels:-1]]
[2020.05.16-10.22.29:947][  0]LogConfig: Setting CVar [[r.AmbientOcclusionRadiusScale:1.0]]
[2020.05.16-10.22.29:947][  0]LogConfig: Setting CVar [[r.DepthOfFieldQuality:2]]
[2020.05.16-10.22.29:947][  0]LogConfig: Setting CVar [[r.RenderTargetPoolMin:400]]
[2020.05.16-10.22.29:947][  0]LogConfig: Setting CVar [[r.LensFlareQuality:2]]
[2020.05.16-10.22.29:947][  0]LogConfig: Setting CVar [[r.SceneColorFringeQuality:1]]
[2020.05.16-10.22.29:947][  0]LogConfig: Setting CVar [[r.EyeAdaptationQuality:2]]
[2020.05.16-10.22.29:947][  0]LogConfig: Setting CVar [[r.BloomQuality:5]]
[2020.05.16-10.22.29:947][  0]LogConfig: Setting CVar [[r.FastBlurThreshold:100]]
[2020.05.16-10.22.29:947][  0]LogConfig: Setting CVar [[r.Upscale.Quality:3]]
[2020.05.16-10.22.29:947][  0]LogConfig: Setting CVar [[r.Tonemapper.GrainQuantization:1]]
[2020.05.16-10.22.29:947][  0]LogConfig: Setting CVar [[r.LightShaftQuality:1]]
[2020.05.16-10.22.29:947][  0]LogConfig: Setting CVar [[r.Filter.SizeScale:1]]
[2020.05.16-10.22.29:947][  0]LogConfig: Setting CVar [[r.Tonemapper.Quality:5]]
[2020.05.16-10.22.29:947][  0]LogConfig: Setting CVar [[r.DOF.Gather.AccumulatorQuality:1        ; higher gathering accumulator quality]]
[2020.05.16-10.22.29:947][  0]LogConfig: Setting CVar [[r.DOF.Gather.PostfilterMethod:1          ; Median3x3 postfilering method]]
[2020.05.16-10.22.29:947][  0]LogConfig: Setting CVar [[r.DOF.Gather.EnableBokehSettings:0       ; no bokeh simulation when gathering]]
[2020.05.16-10.22.29:947][  0]LogConfig: Setting CVar [[r.DOF.Gather.RingCount:4                 ; medium number of samples when gathering]]
[2020.05.16-10.22.29:948][  0]LogConfig: Setting CVar [[r.DOF.Scatter.ForegroundCompositing:1    ; additive foreground scattering]]
[2020.05.16-10.22.29:948][  0]LogConfig: Setting CVar [[r.DOF.Scatter.BackgroundCompositing:2    ; additive background scattering]]
[2020.05.16-10.22.29:948][  0]LogConfig: Setting CVar [[r.DOF.Scatter.EnableBokehSettings:1      ; bokeh simulation when scattering]]
[2020.05.16-10.22.29:948][  0]LogConfig: Setting CVar [[r.DOF.Scatter.MaxSpriteRatio:0.1         ; only a maximum of 10% of scattered bokeh]]
[2020.05.16-10.22.29:948][  0]LogConfig: Setting CVar [[r.DOF.Recombine.Quality:1                ; cheap slight out of focus]]
[2020.05.16-10.22.29:948][  0]LogConfig: Setting CVar [[r.DOF.Recombine.EnableBokehSettings:0    ; no bokeh simulation on slight out of focus]]
[2020.05.16-10.22.29:948][  0]LogConfig: Setting CVar [[r.DOF.TemporalAAQuality:1                ; more stable temporal accumulation]]
[2020.05.16-10.22.29:948][  0]LogConfig: Setting CVar [[r.DOF.Kernel.MaxForegroundRadius:0.025]]
[2020.05.16-10.22.29:948][  0]LogConfig: Setting CVar [[r.DOF.Kernel.MaxBackgroundRadius:0.025]]
[2020.05.16-10.22.29:948][  0]LogConfig: Applying CVar settings from Section [TextureQuality@3] File [E:/Year 2 Unreal Projects/Moonfall/Saved/Config/Windows/Scalability.ini]
[2020.05.16-10.22.29:948][  0]LogConfig: Setting CVar [[r.Streaming.MipBias:0]]
[2020.05.16-10.22.29:948][  0]LogConfig: Setting CVar [[r.Streaming.AmortizeCPUToGPUCopy:0]]
[2020.05.16-10.22.29:948][  0]LogConfig: Setting CVar [[r.Streaming.MaxNumTexturesToStreamPerFrame:0]]
[2020.05.16-10.22.29:948][  0]LogConfig: Setting CVar [[r.Streaming.Boost:1]]
[2020.05.16-10.22.29:948][  0]LogConfig: Setting CVar [[r.MaxAnisotropy:8]]
[2020.05.16-10.22.29:948][  0]LogConfig: Setting CVar [[r.Streaming.LimitPoolSizeToVRAM:0]]
[2020.05.16-10.22.29:948][  0]LogConfig: Setting CVar [[r.Streaming.PoolSize:1000]]
[2020.05.16-10.22.29:948][  0]LogConfig: Setting CVar [[r.Streaming.MaxEffectiveScreenSize:0]]
[2020.05.16-10.22.29:948][  0]LogConfig: Applying CVar settings from Section [EffectsQuality@3] File [E:/Year 2 Unreal Projects/Moonfall/Saved/Config/Windows/Scalability.ini]
[2020.05.16-10.22.29:948][  0]LogConfig: Setting CVar [[r.TranslucencyLightingVolumeDim:64]]
[2020.05.16-10.22.29:948][  0]LogConfig: Setting CVar [[r.RefractionQuality:2]]
[2020.05.16-10.22.29:948][  0]LogConfig: Setting CVar [[r.SSR.Quality:3]]
[2020.05.16-10.22.29:948][  0]LogConfig: Setting CVar [[r.SceneColorFormat:4]]
[2020.05.16-10.22.29:948][  0]LogConfig: Setting CVar [[r.DetailMode:2]]
[2020.05.16-10.22.29:948][  0]LogConfig: Setting CVar [[r.TranslucencyVolumeBlur:1]]
[2020.05.16-10.22.29:948][  0]LogConfig: Setting CVar [[r.MaterialQualityLevel:1 ; High quality]]
[2020.05.16-10.22.29:948][  0]LogConfig: Setting CVar [[r.SSS.Scale:1]]
[2020.05.16-10.22.29:948][  0]LogConfig: Setting CVar [[r.SSS.SampleSet:2]]
[2020.05.16-10.22.29:948][  0]LogConfig: Setting CVar [[r.SSS.Quality:1]]
[2020.05.16-10.22.29:948][  0]LogConfig: Setting CVar [[r.SSS.HalfRes:1]]
[2020.05.16-10.22.29:948][  0]LogConfig: Setting CVar [[r.EmitterSpawnRateScale:1.0]]
[2020.05.16-10.22.29:948][  0]LogConfig: Setting CVar [[r.ParticleLightQuality:2]]
[2020.05.16-10.22.29:948][  0]LogConfig: Applying CVar settings from Section [FoliageQuality@3] File [E:/Year 2 Unreal Projects/Moonfall/Saved/Config/Windows/Scalability.ini]
[2020.05.16-10.22.29:948][  0]LogConfig: Setting CVar [[foliage.DensityScale:1.0]]
[2020.05.16-10.22.29:948][  0]LogConfig: Setting CVar [[grass.DensityScale:1.0]]
[2020.05.16-10.22.29:948][  0]LogConfig: Applying CVar settings from Section [Startup] File [../../../Engine/Config/ConsoleVariables.ini]
[2020.05.16-10.22.29:972][  0]LogConfig: Setting CVar [[net.UseAdaptiveNetUpdateFrequency:0]]
[2020.05.16-10.22.29:972][  0]LogConfig: Setting CVar [[p.chaos.AllowCreatePhysxBodies:1]]
[2020.05.16-10.22.29:972][  0]LogConfig: Applying CVar settings from Section [ConsoleVariables] File [E:/Year 2 Unreal Projects/Moonfall/Saved/Config/Windows/Engine.ini]
[2020.05.16-10.22.29:979][  0]LogInit: Computer: DESKTOP-2NR7M78
[2020.05.16-10.22.29:979][  0]LogInit: User: RhysDavies
[2020.05.16-10.22.29:979][  0]LogInit: CPU Page size=4096, Cores=6
[2020.05.16-10.22.29:979][  0]LogInit: High frequency timer resolution =10.000000 MHz
[2020.05.16-10.22.29:980][  0]LogMemory: Memory total: Physical=15.9GB (16GB approx)
[2020.05.16-10.22.29:980][  0]LogMemory: Platform Memory Stats for Windows
[2020.05.16-10.22.29:980][  0]LogMemory: Process Physical Memory: 99.01 MB used, 99.02 MB peak
[2020.05.16-10.22.29:980][  0]LogMemory: Process Virtual Memory: 90.24 MB used, 90.24 MB peak
[2020.05.16-10.22.29:980][  0]LogMemory: Physical Memory: 10593.59 MB used,  5652.79 MB free, 16246.39 MB total
[2020.05.16-10.22.29:980][  0]LogMemory: Virtual Memory: 4660.60 MB used,  134213064.00 MB free, 134217728.00 MB total
[2020.05.16-10.22.30:870][  0]LogInit: Using OS detected language (en-GB).
[2020.05.16-10.22.30:870][  0]LogInit: Using OS detected locale (en-GB).
[2020.05.16-10.22.30:887][  0]LogTextLocalizationManager: No specific localization for 'en-GB' exists, so the 'en' localization will be used.
[2020.05.16-10.22.31:434][  0]LogInit: Setting process to per monitor DPI aware
[2020.05.16-10.22.31:703][  0]LogSlate: New Slate User Created.  User Index 0, Is Virtual User: 0
[2020.05.16-10.22.31:703][  0]LogSlate: Slate User Registered.  User Index 0, Is Virtual User: 0
[2020.05.16-10.22.34:246][  0]LogHMD: Failed to initialize OpenVR with code 110
[2020.05.16-10.22.34:246][  0]LogD3D11RHI: D3D11 adapters:
[2020.05.16-10.22.34:358][  0]LogD3D11RHI:    0. 'NVIDIA GeForce GTX 1070' (Feature Level 11_0)
[2020.05.16-10.22.34:358][  0]LogD3D11RHI:       8082/0/8123 MB DedicatedVideo/DedicatedSystem/SharedSystem, Outputs:1, VendorId:0x10de
[2020.05.16-10.22.34:537][  0]LogD3D11RHI:    1. 'Intel(R) UHD Graphics 630' (Feature Level 11_0)
[2020.05.16-10.22.34:537][  0]LogD3D11RHI:       128/0/8123 MB DedicatedVideo/DedicatedSystem/SharedSystem, Outputs:0, VendorId:0x8086
[2020.05.16-10.22.34:541][  0]LogD3D11RHI:    2. 'Microsoft Basic Render Driver' (Feature Level 11_0)
[2020.05.16-10.22.34:541][  0]LogD3D11RHI:       0/0/8123 MB DedicatedVideo/DedicatedSystem/SharedSystem, Outputs:0, VendorId:0x1414
[2020.05.16-10.22.34:541][  0]LogD3D11RHI: Chosen D3D11 Adapter: 0
[2020.05.16-10.22.34:552][  0]LogD3D11RHI: Creating new Direct3DDevice
[2020.05.16-10.22.34:552][  0]LogD3D11RHI:     GPU DeviceId: 0x1be1 (for the marketing name, search the web for "GPU Device Id")
[2020.05.16-10.22.34:552][  0]LogWindows: EnumDisplayDevices:
[2020.05.16-10.22.34:552][  0]LogWindows:    0. 'NVIDIA GeForce GTX 1070' (P:1 D:1)
[2020.05.16-10.22.34:553][  0]LogWindows:    1. 'NVIDIA GeForce GTX 1070' (P:0 D:0)
[2020.05.16-10.22.34:553][  0]LogWindows:    2. 'NVIDIA GeForce GTX 1070' (P:0 D:0)
[2020.05.16-10.22.34:553][  0]LogWindows:    3. 'NVIDIA GeForce GTX 1070' (P:0 D:0)
[2020.05.16-10.22.34:554][  0]LogWindows:    4. 'Intel(R) UHD Graphics 630' (P:0 D:0)
[2020.05.16-10.22.34:554][  0]LogWindows:    5. 'Intel(R) UHD Graphics 630' (P:0 D:0)
[2020.05.16-10.22.34:555][  0]LogWindows:    6. 'Intel(R) UHD Graphics 630' (P:0 D:0)
[2020.05.16-10.22.34:555][  0]LogWindows: DebugString: PrimaryIsNotTheChoosenAdapter PrimaryIsNotTheChoosenAdapter PrimaryIsNotTheChoosenAdapter FoundDriverCount:4 
[2020.05.16-10.22.34:555][  0]LogD3D11RHI:     Adapter Name: NVIDIA GeForce GTX 1070
[2020.05.16-10.22.34:555][  0]LogD3D11RHI:   Driver Version: 431.53 (internal:26.21.14.3153, unified:431.53)
[2020.05.16-10.22.34:555][  0]LogD3D11RHI:      Driver Date: 7-12-2019
[2020.05.16-10.22.34:555][  0]LogRHI: Texture pool is 5657 MB (70% of 8082 MB)
[2020.05.16-10.22.34:601][  0]LogD3D11RHI: Async texture creation enabled
[2020.05.16-10.22.34:747][  0]LogRendererCore: FGlobalReadBuffer::InitRHI
[2020.05.16-10.22.34:747][  0]LogRendererCore: FGlobalReadBuffer::InitRHI
[2020.05.16-10.22.34:747][  0]LogRendererCore: FGlobalReadBuffer::InitRHI
[2020.05.16-10.22.34:758][  0]LogD3D11RHI: GPU Timing Frequency: 1000.000000 (Debug: 2 1)
[2020.05.16-10.22.35:642][  0]LogTemp: Display: Module 'AllDesktopTargetPlatform' loaded TargetPlatform 'AllDesktop'
[2020.05.16-10.22.35:697][  0]LogTemp: Display: Module 'MacClientTargetPlatform' loaded TargetPlatform 'MacClient'
[2020.05.16-10.22.35:741][  0]LogTemp: Display: Module 'MacNoEditorTargetPlatform' loaded TargetPlatform 'MacNoEditor'
[2020.05.16-10.22.35:777][  0]LogTemp: Display: Module 'MacServerTargetPlatform' loaded TargetPlatform 'MacServer'
[2020.05.16-10.22.35:825][  0]LogTemp: Display: Module 'MacTargetPlatform' loaded TargetPlatform 'Mac'
[2020.05.16-10.22.35:874][  0]LogTemp: Display: Module 'WindowsClientTargetPlatform' loaded TargetPlatform 'WindowsClient'
[2020.05.16-10.22.35:920][  0]LogTemp: Display: Module 'WindowsNoEditorTargetPlatform' loaded TargetPlatform 'WindowsNoEditor'
[2020.05.16-10.22.35:961][  0]LogTemp: Display: Module 'WindowsServerTargetPlatform' loaded TargetPlatform 'WindowsServer'
[2020.05.16-10.22.35:982][  0]LogTemp: Display: Module 'WindowsTargetPlatform' loaded TargetPlatform 'Windows'
[2020.05.16-10.22.36:095][  0]LogTemp: Display: Module 'AndroidTargetPlatform' loaded TargetPlatform 'Android'
[2020.05.16-10.22.36:095][  0]LogTemp: Display: Module 'AndroidTargetPlatform' loaded TargetPlatform 'Android_ASTC'
[2020.05.16-10.22.36:095][  0]LogTemp: Display: Module 'AndroidTargetPlatform' loaded TargetPlatform 'Android_ATC'
[2020.05.16-10.22.36:095][  0]LogTemp: Display: Module 'AndroidTargetPlatform' loaded TargetPlatform 'Android_DXT'
[2020.05.16-10.22.36:095][  0]LogTemp: Display: Module 'AndroidTargetPlatform' loaded TargetPlatform 'Android_ETC1'
[2020.05.16-10.22.36:095][  0]LogTemp: Display: Module 'AndroidTargetPlatform' loaded TargetPlatform 'Android_ETC1a'
[2020.05.16-10.22.36:095][  0]LogTemp: Display: Module 'AndroidTargetPlatform' loaded TargetPlatform 'Android_ETC2'
[2020.05.16-10.22.36:095][  0]LogTemp: Display: Module 'AndroidTargetPlatform' loaded TargetPlatform 'Android_PVRTC'
[2020.05.16-10.22.36:095][  0]LogTemp: Display: Module 'AndroidTargetPlatform' loaded TargetPlatform 'AndroidClient'
[2020.05.16-10.22.36:095][  0]LogTemp: Display: Module 'AndroidTargetPlatform' loaded TargetPlatform 'Android_ASTCClient'
[2020.05.16-10.22.36:095][  0]LogTemp: Display: Module 'AndroidTargetPlatform' loaded TargetPlatform 'Android_ATCClient'
[2020.05.16-10.22.36:095][  0]LogTemp: Display: Module 'AndroidTargetPlatform' loaded TargetPlatform 'Android_DXTClient'
[2020.05.16-10.22.36:095][  0]LogTemp: Display: Module 'AndroidTargetPlatform' loaded TargetPlatform 'Android_ETC1Client'
[2020.05.16-10.22.36:095][  0]LogTemp: Display: Module 'AndroidTargetPlatform' loaded TargetPlatform 'Android_ETC1aClient'
[2020.05.16-10.22.36:095][  0]LogTemp: Display: Module 'AndroidTargetPlatform' loaded TargetPlatform 'Android_ETC2Client'
[2020.05.16-10.22.36:095][  0]LogTemp: Display: Module 'AndroidTargetPlatform' loaded TargetPlatform 'Android_PVRTCClient'
[2020.05.16-10.22.36:095][  0]LogTemp: Display: Module 'AndroidTargetPlatform' loaded TargetPlatform 'Android_Multi'
[2020.05.16-10.22.36:095][  0]LogTemp: Display: Module 'AndroidTargetPlatform' loaded TargetPlatform 'Android_MultiClient'
[2020.05.16-10.22.36:126][  0]LogTemp: Display: Module 'HTML5TargetPlatform' loaded TargetPlatform 'HTML5'
[2020.05.16-10.22.36:283][  0]LogTemp: Display: Module 'IOSTargetPlatform' loaded TargetPlatform 'IOSClient'
[2020.05.16-10.22.36:283][  0]LogTemp: Display: Module 'IOSTargetPlatform' loaded TargetPlatform 'IOS'
[2020.05.16-10.22.36:334][  0]LogTemp: Display: Module 'TVOSTargetPlatform' loaded TargetPlatform 'TVOSClient'
[2020.05.16-10.22.36:334][  0]LogTemp: Display: Module 'TVOSTargetPlatform' loaded TargetPlatform 'TVOS'
[2020.05.16-10.22.36:365][  0]LogTemp: Display: Module 'LinuxClientTargetPlatform' loaded TargetPlatform 'LinuxClient'
[2020.05.16-10.22.36:397][  0]LogTemp: Display: Module 'LinuxNoEditorTargetPlatform' loaded TargetPlatform 'LinuxNoEditor'
[2020.05.16-10.22.36:428][  0]LogTemp: Display: Module 'LinuxServerTargetPlatform' loaded TargetPlatform 'LinuxServer'
[2020.05.16-10.22.36:467][  0]LogTemp: Display: Module 'LinuxTargetPlatform' loaded TargetPlatform 'Linux'
[2020.05.16-10.22.36:539][  0]LogTemp: Display: Module 'LuminTargetPlatform' loaded TargetPlatform 'Lumin'
[2020.05.16-10.22.36:539][  0]LogTemp: Display: Module 'LuminTargetPlatform' loaded TargetPlatform 'LuminClient'
[2020.05.16-10.22.36:539][  0]LogTargetPlatformManager: Display: Building Assets For Windows
[2020.05.16-10.22.36:898][  0]LogAudioDebug: Display: Lib vorbis DLL was dynamically loaded.
[2020.05.16-10.22.37:767][  0]LogShaderCompilers: Guid format shader working directory is 18 characters bigger than the processId version (E:/Year 2 Unreal Projects/Moonfall/Intermediate/Shaders/WorkingDirectory/5932/).
[2020.05.16-10.22.37:767][  0]LogShaderCompilers: Cleaned the shader compiler working directory 'C:/Users/Rhys Davies/AppData/Local/Temp/UnrealShaderWorkingDir/3FBA96584975A8F9B889279F88E300B7/'.
[2020.05.16-10.22.37:776][  0]LogXGEController: Cleaning working directory: C:/Users/Rhys Davies/AppData/Local/Temp/UnrealXGEWorkingDir/
[2020.05.16-10.22.37:776][  0]LogXGEController: Cannot use XGE Controller as Incredibuild is not installed on this machine.
[2020.05.16-10.22.37:777][  0]LogShaderCompilers: Cannot use XGE Shader Compiler as Incredibuild is not installed on this machine.
[2020.05.16-10.22.37:777][  0]LogShaderCompilers: Display: Using Local Shader Compiler.
[2020.05.16-10.22.41:176][  0]LogDerivedDataCache: Display: Max Cache Size: 512 MB
[2020.05.16-10.22.41:270][  0]LogDerivedDataCache: Loaded boot cache 0.09s 73MB C:/Users/Rhys Davies/AppData/Local/UnrealEngine/4.22/DerivedDataCache/Boot.ddc.
[2020.05.16-10.22.41:270][  0]LogDerivedDataCache: Display: Loaded Boot cache: C:/Users/Rhys Davies/AppData/Local/UnrealEngine/4.22/DerivedDataCache/Boot.ddc
[2020.05.16-10.22.41:270][  0]LogDerivedDataCache: FDerivedDataBackendGraph:  Pak pak cache file E:/Year 2 Unreal Projects/Moonfall/DerivedDataCache/DDC.ddp not found, will not use a pak cache.
[2020.05.16-10.22.41:270][  0]LogDerivedDataCache: Unable to find inner node Pak for hierarchical cache Hierarchy.
[2020.05.16-10.22.41:270][  0]LogDerivedDataCache: FDerivedDataBackendGraph:  CompressedPak pak cache file E:/Year 2 Unreal Projects/Moonfall/DerivedDataCache/Compressed.ddp not found, will not use a pak cache.
[2020.05.16-10.22.41:270][  0]LogDerivedDataCache: Unable to find inner node CompressedPak for hierarchical cache Hierarchy.
[2020.05.16-10.22.41:319][  0]LogDerivedDataCache: Display: Pak cache opened for reading ../../../Engine/DerivedDataCache/Compressed.ddp.
[2020.05.16-10.22.41:357][  0]LogDerivedDataCache: Display: Pak cache opened for reading ../../../Enterprise/DerivedDataCache/Compressed.ddp.
[2020.05.16-10.22.41:370][  0]LogDerivedDataCache: Using Local data cache path C:/Users/Rhys Davies/AppData/Local/UnrealEngine/Common/DerivedDataCache: Writable
[2020.05.16-10.22.41:370][  0]LogDerivedDataCache: Shared data cache path not found in *engine.ini, will not use an Shared cache.
[2020.05.16-10.22.41:370][  0]LogDerivedDataCache: Unable to find inner node Shared for hierarchical cache Hierarchy.
[2020.05.16-10.22.41:596][  0]LogMaterial: Verifying Global Shaders for PCD3D_SM5
[2020.05.16-10.22.41:619][  0]LogSlate: Using FreeType 2.6.0
[2020.05.16-10.22.41:651][  0]LogSlate: SlateFontServices - WITH_FREETYPE: 1, WITH_HARFBUZZ: 1
[2020.05.16-10.22.42:341][  0]LogAssetRegistry: FAssetRegistry took 0.0345 seconds to start up
[2020.05.16-10.22.44:071][  0]LogInit: Selected Device Profile: [Windows]
[2020.05.16-10.22.45:618][  0]LogMeshReduction: Using QuadricMeshReduction for automatic static mesh reduction
[2020.05.16-10.22.45:618][  0]LogMeshReduction: Using SimplygonMeshReduction for automatic skeletal mesh reduction
[2020.05.16-10.22.45:618][  0]LogMeshReduction: Using ProxyLODMeshReduction for automatic mesh merging
[2020.05.16-10.22.45:618][  0]LogMeshReduction: No distributed automatic mesh merging module available
[2020.05.16-10.22.45:618][  0]LogMeshMerging: No distributed automatic mesh merging module available
[2020.05.16-10.22.45:866][  0]LogNetVersion: Moonfall 1.0.0, NetCL: 5660361, EngineNetVer: 10, GameNetVer: 0 (Checksum: 4263305695)
[2020.05.16-10.22.49:182][  0]LogPackageLocalizationCache: Processed 16 localized package path(s) for 1 prioritized culture(s) in 0.060923 seconds
[2020.05.16-10.22.49:196][  0]LogUObjectArray: 42205 objects as part of root set at end of initial load.
[2020.05.16-10.22.49:196][  0]LogUObjectAllocator: 7325032 out of 0 bytes used by permanent object pool.
[2020.05.16-10.22.49:196][  0]LogUObjectArray: CloseDisregardForGC: 0/0 objects in disregard for GC pool
[2020.05.16-10.22.58:209][  0]LogTcpMessaging: Initializing TcpMessaging bridge
[2020.05.16-10.22.58:253][  0]LogUdpMessaging: Initializing bridge on interface 0.0.0.0:0 to multicast group 230.0.0.1:6666.
[2020.05.16-10.22.58:972][  0]SourceControl: Source control is disabled
[2020.05.16-10.23.02:909][  0]LogAndroidPermission: UAndroidPermissionCallbackProxy::GetInstance
[2020.05.16-10.23.03:652][  0]LogOcInput: OculusInput pre-init called
[2020.05.16-10.23.08:916][  0]LogWindows: Failed to load 'libalias_api.dll' (GetLastError=126)
[2020.05.16-10.23.08:916][  0]LogWindows: File 'libalias_api.dll' does not exist
[2020.05.16-10.23.08:917][  0]LogWindows: Failed to load 'libalias_api.dll' (GetLastError=126)
[2020.05.16-10.23.08:917][  0]LogWindows: File 'libalias_api.dll' does not exist
[2020.05.16-10.23.09:449][  0]LogEngine: Initializing Engine...
[2020.05.16-10.23.09:487][  0]LogHMD: Failed to initialize OpenVR with code 110
[2020.05.16-10.23.09:488][  0]LogStats: UGameplayTagsManager::InitializeManager -  0.000 s
[2020.05.16-10.23.10:370][  0]LogInit: Initializing FReadOnlyCVARCache
[2020.05.16-10.23.10:486][  0]LogAIModule: Creating AISystem for world Untitled
[2020.05.16-10.23.10:663][  0]LogInit: XAudio2 using 'Headphones (MPOW-059 Stereo)' : 2 channels at 44.1 kHz using 16 bits per sample (channel mask 0x3)
[2020.05.16-10.23.10:694][  0]LogInit: FAudioDevice initialized.
[2020.05.16-10.23.10:694][  0]LogNetVersion: Set ProjectVersion to 1.0.0.0. Version Checksum will be recalculated on next use.
[2020.05.16-10.23.10:781][  0]LogDerivedDataCache: Saved boot cache 0.09s 89MB C:/Users/Rhys Davies/AppData/Local/UnrealEngine/4.22/DerivedDataCache/Boot.ddc.
[2020.05.16-10.23.10:791][  0]LogInit: Texture streaming: Enabled
[2020.05.16-10.23.10:948][  0]LogEngineSessionManager: EngineSessionManager initialized
[2020.05.16-10.23.11:028][  0]LogInit: Transaction tracking system initialized
[2020.05.16-10.23.11:225][  0]BlueprintLog: New page: Editor Load
[2020.05.16-10.23.12:403][  0]LocalizationService: Localization service is disabled
[2020.05.16-10.23.14:655][  0]LogCook: Display: Max memory allowance for cook 16384mb min free memory 0mb
[2020.05.16-10.23.14:655][  0]LogCook: Display: Mobile HDR setting 1
[2020.05.16-10.23.15:108][  0]LogFileCache: Scanning file cache for directory 'E:/Year 2 Unreal Projects/Moonfall/Content/' took 0.06s
[2020.05.16-10.23.18:806][  0]Cmd: MAP LOAD FILE="E:/Year 2 Unreal Projects/Moonfall/Content/Kevin/Map/TestMap.umap" TEMPLATE=0 SHOWPROGRESS=1 FEATURELEVEL=3
[2020.05.16-10.23.18:814][  0]LightingResults: New page: Lighting Build
[2020.05.16-10.23.18:873][  0]MapCheck: New page: Map Check
[2020.05.16-10.23.18:873][  0]LightingResults: New page: Lighting Build
[2020.05.16-10.23.18:997][  0]LogUObjectHash: Compacting FUObjectHashTables data took   1.39ms
[2020.05.16-10.23.24:589][  0]LogAIModule: Creating AISystem for world TestMap
[2020.05.16-10.23.24:854][  0]LogEditorServer: Finished looking for orphan Actors (0.000 secs)
[2020.05.16-10.23.24:922][  0]LogUObjectHash: Compacting FUObjectHashTables data took   2.75ms
[2020.05.16-10.23.24:922][  0]Cmd: MAP CHECKDEP NOCLEARLOG
[2020.05.16-10.23.24:922][  0]MapCheck: Map check complete: 0 Error(s), 0 Warning(s), took 0.087ms to complete.
[2020.05.16-10.23.24:922][  0]LogFileHelpers: Loading map 'TestMap' took 6.117
[2020.05.16-10.23.25:518][  0]LogSlate: Updating window title bar state: overlay mode, drag disabled, window buttons hidden, title bar hidden
[2020.05.16-10.23.25:527][  0]LogSlate: Updating window title bar state: overlay mode, drag disabled, window buttons hidden, title bar hidden
[2020.05.16-10.23.25:535][  0]LogSlate: Updating window title bar state: overlay mode, drag disabled, window buttons hidden, title bar hidden
[2020.05.16-10.23.25:545][  0]LogSlate: Updating window title bar state: overlay mode, drag disabled, window buttons hidden, title bar hidden
[2020.05.16-10.23.25:604][  0]LogCollectionManager: Loaded 0 collections in 0.001587 seconds
[2020.05.16-10.23.25:669][  0]LogFileCache: Scanning file cache for directory 'E:/Year 2 Unreal Projects/Moonfall/Saved/Collections/' took 0.01s
[2020.05.16-10.23.25:669][  0]LogFileCache: Scanning file cache for directory 'E:/Year 2 Unreal Projects/Moonfall/Content/Developers/RhysDavies/Collections/' took 0.00s
[2020.05.16-10.23.25:669][  0]LogFileCache: Scanning file cache for directory 'E:/Year 2 Unreal Projects/Moonfall/Content/Collections/' took 0.00s
[2020.05.16-10.23.25:669][  0]LogCollectionManager: Rebuilt the GUID cache for 0 collections in 0.000000 seconds
[2020.05.16-10.23.25:682][  0]LogContentBrowser: Native class hierarchy populated in 0.0124 seconds. Added 2864 classes and 726 folders.
[2020.05.16-10.23.25:713][  0]LogContentBrowser: Native class hierarchy updated for 'WidgetCarousel' in 0.0026 seconds. Added 0 classes and 0 folders.
[2020.05.16-10.23.25:779][  0]LogPakFile: Registered encryption key '00000000000000000000000000000000': 0 pak files mounted, 0 remain pending
[2020.05.16-10.23.25:811][  0]LogPakFile: Registered encryption key '00000000000000000000000000000000': 0 pak files mounted, 0 remain pending
[2020.05.16-10.23.25:830][  0]LogPakFile: Registered encryption key '00000000000000000000000000000000': 0 pak files mounted, 0 remain pending
[2020.05.16-10.23.25:841][  0]LogPakFile: Registered encryption key '00000000000000000000000000000000': 0 pak files mounted, 0 remain pending
[2020.05.16-10.23.25:852][  0]LogPakFile: Registered encryption key '00000000000000000000000000000000': 0 pak files mounted, 0 remain pending
[2020.05.16-10.23.25:865][  0]LogPakFile: Registered encryption key '00000000000000000000000000000000': 0 pak files mounted, 0 remain pending
[2020.05.16-10.23.25:875][  0]LogPakFile: Registered encryption key '00000000000000000000000000000000': 0 pak files mounted, 0 remain pending
[2020.05.16-10.23.25:891][  0]LogPakFile: Registered encryption key '00000000000000000000000000000000': 0 pak files mounted, 0 remain pending
[2020.05.16-10.23.25:907][  0]LogPakFile: Registered encryption key '00000000000000000000000000000000': 0 pak files mounted, 0 remain pending
[2020.05.16-10.23.25:921][  0]LogPakFile: Registered encryption key '00000000000000000000000000000000': 0 pak files mounted, 0 remain pending
[2020.05.16-10.23.25:936][  0]LogPakFile: Registered encryption key '00000000000000000000000000000000': 0 pak files mounted, 0 remain pending
[2020.05.16-10.23.25:942][  0]LogPakFile: Registered encryption key '00000000000000000000000000000000': 0 pak files mounted, 0 remain pending
[2020.05.16-10.23.25:961][  0]LogPakFile: Registered encryption key '00000000000000000000000000000000': 0 pak files mounted, 0 remain pending
[2020.05.16-10.23.25:974][  0]LogPakFile: Registered encryption key '00000000000000000000000000000000': 0 pak files mounted, 0 remain pending
[2020.05.16-10.23.25:987][  0]LogPakFile: Registered encryption key '00000000000000000000000000000000': 0 pak files mounted, 0 remain pending
[2020.05.16-10.23.26:016][  0]LogPakFile: Registered encryption key '00000000000000000000000000000000': 0 pak files mounted, 0 remain pending
[2020.05.16-10.23.26:050][  0]LogPakFile: Registered encryption key '00000000000000000000000000000000': 0 pak files mounted, 0 remain pending
[2020.05.16-10.23.26:060][  0]LogPakFile: Registered encryption key '00000000000000000000000000000000': 0 pak files mounted, 0 remain pending
[2020.05.16-10.23.26:070][  0]LogPakFile: Registered encryption key '00000000000000000000000000000000': 0 pak files mounted, 0 remain pending
[2020.05.16-10.23.26:082][  0]LogPakFile: Registered encryption key '00000000000000000000000000000000': 0 pak files mounted, 0 remain pending
[2020.05.16-10.23.26:094][  0]LogPakFile: Registered encryption key '00000000000000000000000000000000': 0 pak files mounted, 0 remain pending
[2020.05.16-10.23.26:107][  0]LogPakFile: Registered encryption key '00000000000000000000000000000000': 0 pak files mounted, 0 remain pending
[2020.05.16-10.23.26:120][  0]LogPakFile: Registered encryption key '00000000000000000000000000000000': 0 pak files mounted, 0 remain pending
[2020.05.16-10.23.26:131][  0]LogPakFile: Registered encryption key '00000000000000000000000000000000': 0 pak files mounted, 0 remain pending
[2020.05.16-10.23.26:140][  0]LogPakFile: Registered encryption key '00000000000000000000000000000000': 0 pak files mounted, 0 remain pending
[2020.05.16-10.23.26:155][  0]LogPakFile: Registered encryption key '00000000000000000000000000000000': 0 pak files mounted, 0 remain pending
[2020.05.16-10.23.26:166][  0]LogPakFile: Registered encryption key '00000000000000000000000000000000': 0 pak files mounted, 0 remain pending
[2020.05.16-10.23.26:193][  0]LogPakFile: Registered encryption key '00000000000000000000000000000000': 0 pak files mounted, 0 remain pending
[2020.05.16-10.23.26:712][  0]LogContentBrowser: Native class hierarchy updated for 'AddContentDialog' in 0.0018 seconds. Added 0 classes and 0 folders.
[2020.05.16-10.23.26:856][  0]LogContentBrowser: Native class hierarchy updated for 'WorldBrowser' in 0.0019 seconds. Added 2 classes and 3 folders.
[2020.05.16-10.23.26:875][  0]LogContentBrowser: Native class hierarchy updated for 'SceneOutliner' in 0.0020 seconds. Added 1 classes and 0 folders.
[2020.05.16-10.23.27:059][  0]LogSlate: Took 0.011775 seconds to synchronously load lazily loaded font '../../../Engine/Content/Slate/Fonts/Roboto-Regular.ttf' (155K)
[2020.05.16-10.23.27:069][  0]LogSlate: Took 0.008254 seconds to synchronously load lazily loaded font '../../../Engine/Content/Slate/Fonts/Roboto-Bold.ttf' (160K)
[2020.05.16-10.23.27:091][  0]LogSlate: Took 0.017382 seconds to synchronously load lazily loaded font '../../../Engine/Content/Editor/Slate/Fonts/FontAwesome.ttf' (139K)
[2020.05.16-10.23.27:317][  0]LogRenderer: Reallocating scene render targets to support 1012x524 Format 10 NumSamples 1 (Frame:1).
[2020.05.16-10.23.27:656][  0]LogContentBrowser: Native class hierarchy updated for 'HierarchicalLODOutliner' in 0.0020 seconds. Added 0 classes and 0 folders.
[2020.05.16-10.23.27:656][  0]LogLoad: (Engine Initialization) Total time: 67.30 seconds
[2020.05.16-10.23.27:656][  0]LogLoad: (Engine Initialization) Total Blueprint compile time: 0.00 seconds
[2020.05.16-10.23.27:781][  0]LogContentStreaming: Texture pool size now 1000 MB
[2020.05.16-10.23.27:865][  1]LogFileCache: Retrieving MD5 hashes for directory 'E:/Year 2 Unreal Projects/Moonfall/Content/' took 0.16s
[2020.05.16-10.23.27:911][  1]LogAssetRegistry: Asset discovery search completed in 45.5931 seconds
[2020.05.16-10.23.27:924][  1]LogCollectionManager: Rebuilt the object cache for 0 collections in 0.000000 seconds (found 0 objects)
[2020.05.16-10.23.27:924][  1]LogCollectionManager: Fixed up redirectors for 0 collections in 0.000062 seconds (updated 0 objects)
[2020.05.16-10.29.15:073][487]LogSlate: FSceneViewport::OnFocusLost() reason 0
[2020.05.16-10.29.15:172][492]LogAnimationCompression: Building Anim DDC data for AnimSequence /Game/PlayerCharacter/Male_Apose_to_Tpose.Male_Apose_to_Tpose
[2020.05.16-10.29.15:172][492]LogAnimationCompression: Recompressing (AnimSequence /Game/PlayerCharacter/Male_Apose_to_Tpose.Male_Apose_to_Tpose) using current/default (AnimCompress_BitwiseCompressOnly_0) bFirstRecompressUsingCurrentOrDefault(1) bTryAlternateCompressor(0) IsCompressedDataValid(0)
[2020.05.16-10.29.16:709][578]LogSlate: FSceneViewport::OnFocusLost() reason 2
[2020.05.16-10.29.21:753][850]LogScript: Warning: Accessed None trying to read property CastToTirdPersonCharacter_BP
	MainCharacter_anim_Bp_C /Engine/Transient.World_4:PersistentLevel.SkeletalMeshActor_0.SkeletalMeshComponent0.MainCharacter_anim_Bp_C_0
	Function /Game/PlayerCharacter/Animation/AnimBP/MainCharacter_anim_Bp.MainCharacter_anim_Bp_C:ExecuteUbergraph_MainCharacter_anim_Bp:01EB
[2020.05.16-10.29.39:155][889]LogSlate: FSceneViewport::OnFocusLost() reason 2
[2020.05.16-10.30.27:057][754]LogSlate: Took 0.055855 seconds to synchronously load lazily loaded font '../../../Engine/Content/Slate/Fonts/Roboto-Light.ttf' (167K)
[2020.05.16-10.30.27:072][754]LogAssetEditorManager: Opening Asset editor for AnimSequence /Game/PlayerCharacter/Animation/Montages/Longs_Equip.Longs_Equip
[2020.05.16-10.30.27:192][754]LogContentBrowser: Native class hierarchy updated for 'SkeletonEditor' in 0.0021 seconds. Added 1 classes and 2 folders.
[2020.05.16-10.30.27:787][754]LogActorComponent: RegisterComponentWithWorld: (/Engine/Transient.World_5:PersistentLevel.AnimationEditorPreviewActor_0.DebugSkelMeshComponent_0) Already registered. Aborting.
[2020.05.16-10.30.27:818][754]LogContentBrowser: Native class hierarchy updated for 'PinnedCommandList' in 0.0021 seconds. Added 1 classes and 0 folders.
[2020.05.16-10.30.27:953][754]LogSkeletalMesh: USkeletalMeshComponent::InitArticulated : Bodies already created (/Engine/Transient.World_5:PersistentLevel.AnimationEditorPreviewActor_0.DebugSkelMeshComponent_0) - call TermArticulated first.
[2020.05.16-10.30.28:455][754]LogContentBrowser: Verbose: The majority of assets in the view are of type: AnimSequence
[2020.05.16-10.30.31:961][956]LogSlate: Window 'Longs_Equip' being destroyed
[2020.05.16-10.30.31:966][956]LogSlate: Window 'Longs_Equip' being destroyed
[2020.05.16-10.30.33:125][994]LogAssetEditorManager: Opening Asset editor for AnimSequence /Game/PlayerCharacter/Animation/Montages/Longs_Holster.Longs_Holster
[2020.05.16-10.30.33:135][994]LogActorComponent: RegisterComponentWithWorld: (/Engine/Transient.World_8:PersistentLevel.AnimationEditorPreviewActor_0.DebugSkelMeshComponent_0) Already registered. Aborting.
[2020.05.16-10.30.33:186][994]LogSkeletalMesh: USkeletalMeshComponent::InitArticulated : Bodies already created (/Engine/Transient.World_8:PersistentLevel.AnimationEditorPreviewActor_0.DebugSkelMeshComponent_0) - call TermArticulated first.
[2020.05.16-10.30.33:597][994]LogContentBrowser: Verbose: The majority of assets in the view are of type: AnimSequence
[2020.05.16-10.30.41:161][445]LogSlate: Window 'Longs_Holster' being destroyed
[2020.05.16-10.30.41:167][445]LogSlate: Window 'Longs_Holster' being destroyed
[2020.05.16-10.30.42:744][528]LogAssetEditorManager: Opening Asset editor for AnimMontage /Game/PlayerCharacter/Animation/Montages/Longs_Equip_Montage_Special.Longs_Equip_Montage_Special
[2020.05.16-10.30.42:753][528]LogActorComponent: RegisterComponentWithWorld: (/Engine/Transient.World_10:PersistentLevel.AnimationEditorPreviewActor_0.DebugSkelMeshComponent_0) Already registered. Aborting.
[2020.05.16-10.30.42:799][528]LogSkeletalMesh: USkeletalMeshComponent::InitArticulated : Bodies already created (/Engine/Transient.World_10:PersistentLevel.AnimationEditorPreviewActor_0.DebugSkelMeshComponent_0) - call TermArticulated first.
[2020.05.16-10.30.43:521][529]LogContentBrowser: Verbose: The majority of assets in the view are of type: AnimSequence
[2020.05.16-10.30.47:085][743]LogSlate: Window 'Longs_Equip_Montage_Special' being destroyed
[2020.05.16-10.30.47:089][743]LogSlate: Window 'Longs_Equip_Montage_Special' being destroyed
[2020.05.16-10.30.48:175][797]LogAssetEditorManager: Opening Asset editor for AnimSequence /Game/PlayerCharacter/Animation/Montages/Longs_Equip.Longs_Equip
[2020.05.16-10.30.48:185][797]LogActorComponent: RegisterComponentWithWorld: (/Engine/Transient.World_12:PersistentLevel.AnimationEditorPreviewActor_0.DebugSkelMeshComponent_0) Already registered. Aborting.
[2020.05.16-10.30.48:231][797]LogSkeletalMesh: USkeletalMeshComponent::InitArticulated : Bodies already created (/Engine/Transient.World_12:PersistentLevel.AnimationEditorPreviewActor_0.DebugSkelMeshComponent_0) - call TermArticulated first.
[2020.05.16-10.30.48:605][797]LogContentBrowser: Verbose: The majority of assets in the view are of type: AnimSequence
[2020.05.16-10.30.50:454][907]LogSlate: Window 'Longs_Equip' being destroyed
[2020.05.16-10.30.50:460][907]LogSlate: Window 'Longs_Equip' being destroyed
[2020.05.16-10.45.56:382][401]SourceControl: fatal: D:/Unreal/UE_4.22/Engine/Content: 'D:/Unreal/UE_4.22/Engine/Content' is outside repository
[2020.05.16-10.46.30:941][401]LogSlate: Window 'Submit Files' being destroyed
[2020.05.16-10.46.32:067][401]LogSourceControl: commit successful: [GameAssets a5a5d5d] Incas i need to roll back
[2020.05.16-10.46.32:310][401]SourceControl: [GameAssets a5a5d5d] Incas i need to roll back
[2020.05.16-10.46.32:310][401]SourceControl:  7 files changed, 0 insertions(+), 0 deletions(-)
[2020.05.16-10.46.32:310][401]SourceControl:  create mode 100644 Content/Humans/Animation/TPose.uasset
[2020.05.16-10.46.32:310][401]SourceControl:  rewrite Content/PlayerCharacter/Animation/Montages/Attack_LS_Free_A.uasset (96%)
[2020.05.16-10.46.32:310][401]SourceControl:  create mode 100644 Content/PlayerCharacter/Animation/Montages/Longs_Equip.uasset
[2020.05.16-10.46.32:310][401]SourceControl:  create mode 100644 Content/PlayerCharacter/Animation/Montages/Longs_Equip_Montage_Special.uasset
[2020.05.16-10.46.32:310][401]SourceControl:  create mode 100644 Content/PlayerCharacter/Animation/Montages/Longs_Holster1.uasset
[2020.05.16-10.46.32:310][401]SourceControl:  create mode 100644 Content/PlayerCharacter/Animation/Montages/Longs_Holster_Montage_Special.uasset
[2020.05.16-10.46.32:326][401]SourceControl: Commited [GameAssets a5a5d5d] Incas i need to roll back.
[2020.05.16-10.49.28:531][508]LogUObjectHash: Compacting FUObjectHashTables data took   1.97ms
[2020.05.16-10.49.28:725][508]LogSlate: Window 'Moonfall - Unreal Editor' being destroyed
[2020.05.16-10.49.28:734][508]LogWindowsTextInputMethodSystem: Display: IME system now deactivated.
[2020.05.16-10.49.29:208][509]Cmd: QUIT_EDITOR
[2020.05.16-10.49.29:514][509]LogExit: Preparing to exit.
[2020.05.16-10.49.30:878][509]LogExit: Editor shut down
[2020.05.16-10.49.30:879][509]LogExit: Transaction tracking system shut down
[2020.05.16-10.49.32:476][509]LogExit: Object subsystem successfully closed.
[2020.05.16-10.49.32:645][509]LogShaderCompilers: Display: Shaders left to compile 0
[2020.05.16-10.49.32:666][509]LogD3D11RHI: Shutdown
[2020.05.16-10.49.32:666][509]LogD3D11RHI: CleanupD3DDevice
[2020.05.16-10.49.32:706][509]LogRendererCore: FGlobalReadBuffer::ReleaseRHI
[2020.05.16-10.49.32:706][509]LogRendererCore: FGlobalDynamicReadBuffer::Cleanup()
[2020.05.16-10.49.32:714][509]LogRendererCore: FGlobalReadBuffer::ReleaseRHI
[2020.05.16-10.49.32:714][509]LogRendererCore: FGlobalDynamicReadBuffer::Cleanup()
[2020.05.16-10.49.32:714][509]LogRendererCore: FGlobalReadBuffer::ReleaseRHI
[2020.05.16-10.49.32:714][509]LogRendererCore: FGlobalDynamicReadBuffer::Cleanup()
[2020.05.16-10.49.32:862][509]LogD3D11RHI: ~FD3D11DynamicRHI
[2020.05.16-10.49.34:132][509]LogModuleManager: Shutting down and abandoning module PinnedCommandList (692)
[2020.05.16-10.49.34:132][509]LogModuleManager: Shutting down and abandoning module SkeletonEditor (690)
[2020.05.16-10.49.34:143][509]LogModuleManager: Shutting down and abandoning module AnimationEditor (688)
[2020.05.16-10.49.34:143][509]LogModuleManager: Shutting down and abandoning module HierarchicalLODOutliner (686)
[2020.05.16-10.49.34:143][509]LogModuleManager: Shutting down and abandoning module SceneOutliner (684)
[2020.05.16-10.49.34:143][509]LogModuleManager: Shutting down and abandoning module WorldBrowser (682)
[2020.05.16-10.49.34:143][509]LogModuleManager: Shutting down and abandoning module AddContentDialog (680)
[2020.05.16-10.49.34:150][509]LogModuleManager: Shutting down and abandoning module WidgetCarousel (679)
[2020.05.16-10.49.34:150][509]LogModuleManager: Shutting down and abandoning module EditorWidgets (676)
[2020.05.16-10.49.34:150][509]LogModuleManager: Shutting down and abandoning module CollectionManager (674)
[2020.05.16-10.49.34:160][509]LogModuleManager: Shutting down and abandoning module StatsViewer (672)
[2020.05.16-10.49.34:172][509]LogModuleManager: Shutting down and abandoning module FoliageEdit (670)
[2020.05.16-10.49.34:182][509]LogModuleManager: Shutting down and abandoning module LandscapeEditor (668)
[2020.05.16-10.49.34:227][509]LogModuleManager: Shutting down and abandoning module MeshPaintMode (666)
[2020.05.16-10.49.34:237][509]LogModuleManager: Shutting down and abandoning module SceneDepthPickerMode (664)
[2020.05.16-10.49.34:237][509]LogModuleManager: Shutting down and abandoning module ActorPickerMode (662)
[2020.05.16-10.49.34:237][509]LogModuleManager: Shutting down and abandoning module GeometryMode (660)
[2020.05.16-10.49.34:237][509]LogModuleManager: Shutting down and abandoning module TextureAlignMode (658)
[2020.05.16-10.49.34:237][509]LogModuleManager: Shutting down and abandoning module BspMode (656)
[2020.05.16-10.49.34:237][509]LogModuleManager: Shutting down and abandoning module PIEPreviewDeviceProfileSelector (654)
[2020.05.16-10.49.34:248][509]LogModuleManager: Shutting down and abandoning module SequenceRecorderSections (652)
[2020.05.16-10.49.34:255][509]LogModuleManager: Shutting down and abandoning module AutomationWorker (650)
[2020.05.16-10.49.34:261][509]LogModuleManager: Shutting down and abandoning module DatasmithFBXImporter (648)
[2020.05.16-10.49.34:267][509]LogModuleManager: Shutting down and abandoning module DatasmithDeltaGenImporter (646)
[2020.05.16-10.49.34:267][509]LogModuleManager: Shutting down and abandoning module DatasmithVREDImporter (644)
[2020.05.16-10.49.34:267][509]LogModuleManager: Shutting down and abandoning module OculusMR (642)
[2020.05.16-10.49.34:267][509]LogModuleManager: Shutting down and abandoning module AudioCaptureEditor (640)
[2020.05.16-10.49.34:267][509]LogModuleManager: Shutting down and abandoning module MatineeToLevelSequence (638)
[2020.05.16-10.49.34:278][509]LogModuleManager: Shutting down and abandoning module LevelSequenceEditor (636)
[2020.05.16-10.49.34:305][509]LogModuleManager: Shutting down and abandoning module PlacementMode (635)
[2020.05.16-10.49.34:305][509]LogModuleManager: Shutting down and abandoning module MaterialEditor (634)
[2020.05.16-10.49.34:324][509]LogModuleManager: Shutting down and abandoning module ActorSequenceEditor (630)
[2020.05.16-10.49.34:333][509]LogModuleManager: Shutting down and abandoning module WmfMediaFactory (628)
[2020.05.16-10.49.34:333][509]LogModuleManager: Shutting down and abandoning module WmfMediaEditor (626)
[2020.05.16-10.49.34:333][509]LogModuleManager: Shutting down and abandoning module WebMMediaFactory (624)
[2020.05.16-10.49.34:333][509]LogModuleManager: Shutting down and abandoning module WebMMediaEditor (622)
[2020.05.16-10.49.34:333][509]LogModuleManager: Shutting down and abandoning module WebMMedia (620)
[2020.05.16-10.49.34:345][509]LogModuleManager: Shutting down and abandoning module MediaPlayerEditor (618)
[2020.05.16-10.49.34:357][509]LogModuleManager: Shutting down and abandoning module MediaCompositingEditor (616)
[2020.05.16-10.49.34:372][509]LogModuleManager: Shutting down and abandoning module SequenceRecorder (615)
[2020.05.16-10.49.34:372][509]LogModuleManager: Shutting down and abandoning module OpenExrWrapper (612)
[2020.05.16-10.49.34:372][509]LogModuleManager: Shutting down and abandoning module ImgMediaFactory (610)
[2020.05.16-10.49.34:372][509]LogModuleManager: Shutting down and abandoning module ImgMediaEditor (608)
[2020.05.16-10.49.34:372][509]LogModuleManager: Shutting down and abandoning module AvfMediaFactory (606)
[2020.05.16-10.49.34:372][509]LogModuleManager: Shutting down and abandoning module AvfMediaEditor (604)
[2020.05.16-10.49.34:372][509]LogModuleManager: Shutting down and abandoning module AndroidMediaFactory (602)
[2020.05.16-10.49.34:372][509]LogModuleManager: Shutting down and abandoning module AndroidMediaEditor (600)
[2020.05.16-10.49.34:372][509]LogModuleManager: Shutting down and abandoning module MagicLeapCameraPreviewFactory (598)
[2020.05.16-10.49.34:372][509]LogModuleManager: Shutting down and abandoning module MagicLeapMediaCodecFactory (596)
[2020.05.16-10.49.34:377][509]LogModuleManager: Shutting down and abandoning module MagicLeapMediaFactory (594)
[2020.05.16-10.49.34:377][509]LogModuleManager: Shutting down and abandoning module MagicLeapMediaEditor (592)
[2020.05.16-10.49.34:377][509]LogModuleManager: Shutting down and abandoning module CharacterAI (590)
[2020.05.16-10.49.34:377][509]LogModuleManager: Shutting down and abandoning module SmartSnapping (588)
[2020.05.16-10.49.34:377][509]LogModuleManager: Shutting down and abandoning module SessionServices (586)
[2020.05.16-10.49.34:377][509]LogModuleManager: Shutting down and abandoning module MeshPaint (584)
[2020.05.16-10.49.34:383][509]LogModuleManager: Shutting down and abandoning module ViewportSnapping (582)
[2020.05.16-10.49.34:383][509]LogModuleManager: Shutting down and abandoning module ViewportInteraction (580)
[2020.05.16-10.49.34:383][509]LogModuleManager: Shutting down and abandoning module ClothPainter (578)
[2020.05.16-10.49.34:401][509]LogModuleManager: Shutting down and abandoning module SkeletalMeshEditor (577)
[2020.05.16-10.49.34:418][509]LogModuleManager: Shutting down and abandoning module LogVisualizer (574)
[2020.05.16-10.49.34:431][509]LogModuleManager: Shutting down and abandoning module IntroTutorials (572)
[2020.05.16-10.49.34:452][509]LogModuleManager: Shutting down and abandoning module GameProjectGeneration (571)
[2020.05.16-10.49.34:460][509]LogModuleManager: Shutting down and abandoning module LuminPlatformEditor (568)
[2020.05.16-10.49.34:460][509]LogModuleManager: Shutting down and abandoning module IOSPlatformEditor (566)
[2020.05.16-10.49.34:477][509]LogModuleManager: Shutting down and abandoning module HTML5PlatformEditor (564)
[2020.05.16-10.49.34:477][509]LogModuleManager: Shutting down and abandoning module AndroidPlatformEditor (562)
[2020.05.16-10.49.34:482][509]LogModuleManager: Shutting down and abandoning module AndroidDeviceDetection (561)
[2020.05.16-10.49.34:710][509]LogModuleManager: Shutting down and abandoning module WindowsPlatformEditor (558)
[2020.05.16-10.49.34:710][509]LogModuleManager: Shutting down and abandoning module LuminRuntimeSettings (556)
[2020.05.16-10.49.34:710][509]LogModuleManager: Shutting down and abandoning module IOSRuntimeSettings (554)
[2020.05.16-10.49.34:710][509]LogModuleManager: Shutting down and abandoning module AndroidRuntimeSettings (552)
[2020.05.16-10.49.34:710][509]LogModuleManager: Shutting down and abandoning module TimeManagementEditor (550)
[2020.05.16-10.49.34:710][509]LogModuleManager: Shutting down and abandoning module InputBindingEditor (548)
[2020.05.16-10.49.34:721][509]LogModuleManager: Shutting down and abandoning module MergeActors (546)
[2020.05.16-10.49.34:726][509]LogModuleManager: Shutting down and abandoning module LocalizationDashboard (544)
[2020.05.16-10.49.34:738][509]LogModuleManager: Shutting down and abandoning module LocalizationService (543)
[2020.05.16-10.49.34:745][509]LogModuleManager: Shutting down and abandoning module HardwareTargeting (540)
[2020.05.16-10.49.34:745][509]LogModuleManager: Shutting down and abandoning module DeviceProfileEditor (538)
[2020.05.16-10.49.34:755][509]LogModuleManager: Shutting down and abandoning module UndoHistory (536)
[2020.05.16-10.49.34:765][509]LogModuleManager: Shutting down and abandoning module XmlParser (534)
[2020.05.16-10.49.34:778][509]LogModuleManager: Shutting down and abandoning module Blutility (532)
[2020.05.16-10.49.34:778][509]LogModuleManager: Shutting down and abandoning module ProjectSettingsViewer (530)
[2020.05.16-10.49.34:778][509]LogModuleManager: Shutting down and abandoning module ProjectTargetPlatformEditor (529)
[2020.05.16-10.49.34:778][509]LogModuleManager: Shutting down and abandoning module EditorSettingsViewer (526)
[2020.05.16-10.49.34:778][509]LogModuleManager: Shutting down and abandoning module SettingsEditor (524)
[2020.05.16-10.49.34:796][509]LogModuleManager: Shutting down and abandoning module ProjectLauncher (522)
[2020.05.16-10.49.34:811][509]LogModuleManager: Shutting down and abandoning module SessionFrontend (520)
[2020.05.16-10.49.34:821][509]LogModuleManager: Shutting down and abandoning module ProfilerClient (518)
[2020.05.16-10.49.34:832][509]LogModuleManager: Shutting down and abandoning module DeviceManager (516)
[2020.05.16-10.49.34:841][509]LogModuleManager: Shutting down and abandoning module TargetDeviceServices (515)
[2020.05.16-10.49.34:894][509]LogModuleManager: Shutting down and abandoning module AutomationController (512)
[2020.05.16-10.49.34:907][509]LogModuleManager: Shutting down and abandoning module AutomationWindow (510)
[2020.05.16-10.49.34:918][509]LogModuleManager: Shutting down and abandoning module Layers (508)
[2020.05.16-10.49.34:929][509]LogModuleManager: Shutting down and abandoning module ComponentVisualizers (506)
[2020.05.16-10.49.34:929][509]LogModuleManager: Shutting down and abandoning module DetailCustomizations (504)
[2020.05.16-10.49.34:941][509]LogModuleManager: Shutting down and abandoning module PackagesDialog (502)
[2020.05.16-10.49.34:950][509]LogModuleManager: Shutting down and abandoning module AnimationBlueprintEditor (500)
[2020.05.16-10.49.34:977][509]LogModuleManager: Shutting down and abandoning module Persona (498)
[2020.05.16-10.49.34:977][509]LogModuleManager: Shutting down and abandoning module AnimGraph (497)
[2020.05.16-10.49.34:977][509]LogModuleManager: Shutting down and abandoning module Kismet (494)
[2020.05.16-10.49.35:014][509]LogModuleManager: Shutting down and abandoning module GraphEditor (492)
[2020.05.16-10.49.35:037][509]LogModuleManager: Shutting down and abandoning module ClassViewer (490)
[2020.05.16-10.49.35:037][509]LogModuleManager: Shutting down and abandoning module Toolbox (488)
[2020.05.16-10.49.35:037][509]LogModuleManager: Shutting down and abandoning module ModuleUI (486)
[2020.05.16-10.49.35:044][509]LogModuleManager: Shutting down and abandoning module MovieSceneTools (484)
[2020.05.16-10.49.35:058][509]LogModuleManager: Shutting down and abandoning module OutputLog (482)
[2020.05.16-10.49.35:058][509]LogModuleManager: Shutting down and abandoning module GammaUI (480)
[2020.05.16-10.49.35:070][509]LogModuleManager: Shutting down and abandoning module Documentation (478)
[2020.05.16-10.49.35:070][509]LogModuleManager: Shutting down and abandoning module LiveCoding (476)
[2020.05.16-10.49.35:085][509]LogModuleManager: Shutting down and abandoning module LevelSequence (474)
[2020.05.16-10.49.35:085][509]LogModuleManager: Shutting down and abandoning module MovieSceneTracks (472)
[2020.05.16-10.49.35:085][509]LogModuleManager: Shutting down and abandoning module MovieScene (470)
[2020.05.16-10.49.35:096][509]LogModuleManager: Shutting down and abandoning module StreamingPauseRendering (468)
[2020.05.16-10.49.35:105][509]LogModuleManager: Shutting down and abandoning module LauncherPlatform (466)
[2020.05.16-10.49.35:105][509]LogModuleManager: Shutting down and abandoning module AnalyticsET (464)
[2020.05.16-10.49.35:105][509]LogModuleManager: Shutting down and abandoning module PortalServices (462)
[2020.05.16-10.49.35:105][509]LogModuleManager: Shutting down and abandoning module PortalRpc (460)
[2020.05.16-10.49.35:105][509]LogModuleManager: Shutting down and abandoning module MessagingRpc (458)
[2020.05.16-10.49.35:105][509]LogModuleManager: Shutting down and abandoning module AIModule (456)
[2020.05.16-10.49.35:137][509]LogModuleManager: Shutting down and abandoning module GameplayDebugger (455)
[2020.05.16-10.49.35:137][509]LogModuleManager: Shutting down and abandoning module AITestSuite (453)
[2020.05.16-10.49.35:146][509]LogModuleManager: Shutting down and abandoning module NavigationSystem (451)
[2020.05.16-10.49.35:146][509]LogModuleManager: Shutting down and abandoning module DesktopPlatform (448)
[2020.05.16-10.49.35:146][509]LogModuleManager: Shutting down and abandoning module ImageWriteQueue (446)
[2020.05.16-10.49.35:150][509]LogModuleManager: Shutting down and abandoning module ProfilerService (444)
[2020.05.16-10.49.35:292][509]LogModuleManager: Shutting down and abandoning module TaskGraph (442)
[2020.05.16-10.49.35:306][509]LogModuleManager: Shutting down and abandoning module DatasmithCADImporter (440)
[2020.05.16-10.49.35:315][509]LogModuleManager: Shutting down and abandoning module VariantManager (438)
[2020.05.16-10.49.35:331][509]LogModuleManager: Shutting down and abandoning module StaticMeshEditorExtension (436)
[2020.05.16-10.49.35:331][509]LogModuleManager: Shutting down and abandoning module StaticMeshEditor (435)
[2020.05.16-10.49.35:354][509]LogModuleManager: Shutting down and abandoning module AdvancedPreviewScene (434)
[2020.05.16-10.49.35:354][509]LogModuleManager: Shutting down and abandoning module MeshProcessingLibrary (431)
[2020.05.16-10.49.35:363][509]LogModuleManager: Shutting down and abandoning module MDLImporter (428)
[2020.05.16-10.49.35:374][509]LogModuleManager: Shutting down and abandoning module DatasmithGLTFImporter (426)
[2020.05.16-10.49.35:384][509]LogModuleManager: Shutting down and abandoning module DatasmithImporter (425)
[2020.05.16-10.49.35:417][509]LogModuleManager: Shutting down and abandoning module DatasmithDataPrepLibraries (422)
[2020.05.16-10.49.35:426][509]LogModuleManager: Shutting down and abandoning module DatasmithDataPrepEditor (420)
[2020.05.16-10.49.35:448][509]LogModuleManager: Shutting down and abandoning module SteamVRController (418)
[2020.05.16-10.49.35:448][509]LogModuleManager: Shutting down and abandoning module ProceduralMeshComponentEditor (416)
[2020.05.16-10.49.35:459][509]LogModuleManager: Shutting down and abandoning module ProceduralMeshComponent (414)
[2020.05.16-10.49.35:469][509]LogModuleManager: Shutting down and abandoning module OculusEditor (412)
[2020.05.16-10.49.35:480][509]LogModuleManager: Shutting down and abandoning module OculusInput (410)
[2020.05.16-10.49.35:480][509]LogModuleManager: Shutting down and abandoning module MobilePatchingUtils (408)
[2020.05.16-10.49.35:480][509]LogModuleManager: Shutting down and abandoning module EditableMesh (406)
[2020.05.16-10.49.35:487][509]LogModuleManager: Shutting down and abandoning module CustomMeshComponent (404)
[2020.05.16-10.49.35:487][509]LogModuleManager: Shutting down and abandoning module CableComponent (402)
[2020.05.16-10.49.35:499][509]LogModuleManager: Shutting down and abandoning module AudioCapture (400)
[2020.05.16-10.49.35:500][509]LogModuleManager: Shutting down and abandoning module ArchVisCharacter (398)
[2020.05.16-10.49.35:500][509]LogModuleManager: Shutting down and abandoning module AndroidPermission (396)
[2020.05.16-10.49.35:500][509]LogModuleManager: Shutting down and abandoning module NUTUnrealEngine4 (394)
[2020.05.16-10.49.35:508][509]LogModuleManager: Shutting down and abandoning module NetcodeUnitTest (392)
[2020.05.16-10.49.35:518][509]LogModuleManager: Shutting down and abandoning module MediaCompositing (390)
[2020.05.16-10.49.35:518][509]LogModuleManager: Shutting down and abandoning module LinearTimecode (388)
[2020.05.16-10.49.35:518][509]LogModuleManager: Shutting down and abandoning module ImgMedia (386)
[2020.05.16-10.49.35:518][509]LogModuleManager: Shutting down and abandoning module MagicLeapHelperVulkan (384)
[2020.05.16-10.49.35:518][509]LogModuleManager: Shutting down and abandoning module MagicLeapHelperOpenGL (382)
[2020.05.16-10.49.35:530][509]LogModuleManager: Shutting down and abandoning module MagicLeapAudio (380)
[2020.05.16-10.49.35:540][509]LogModuleManager: Shutting down and abandoning module HTML5Networking (378)
[2020.05.16-10.49.35:540][509]LogModuleManager: Shutting down and abandoning module GeometryCollectionEditor (376)
[2020.05.16-10.49.35:540][509]LogModuleManager: Shutting down and abandoning module GeometryCollectionExampleCore (374)
[2020.05.16-10.49.35:551][509]LogModuleManager: Shutting down and abandoning module GeometryCacheTracks (372)
[2020.05.16-10.49.35:551][509]LogModuleManager: Shutting down and abandoning module GeometryCacheSequencer (370)
[2020.05.16-10.49.35:551][509]LogModuleManager: Shutting down and abandoning module ChaosSolverEditor (368)
[2020.05.16-10.49.35:551][509]LogModuleManager: Shutting down and abandoning module BlastAuthoring (366)
[2020.05.16-10.49.35:551][509]LogModuleManager: Shutting down and abandoning module BackChannel (364)
[2020.05.16-10.49.35:559][509]LogModuleManager: Shutting down and abandoning module AppleVision (362)
[2020.05.16-10.49.35:560][509]LogModuleManager: Shutting down and abandoning module AppleImageUtilsBlueprintSupport (360)
[2020.05.16-10.49.35:560][509]LogModuleManager: Shutting down and abandoning module AppleImageUtils (358)
[2020.05.16-10.49.35:560][509]LogModuleManager: Shutting down and abandoning module AlembicImporter (356)
[2020.05.16-10.49.35:560][509]LogModuleManager: Shutting down and abandoning module AlembicLibrary (355)
[2020.05.16-10.49.35:560][509]LogModuleManager: Shutting down and abandoning module GeometryCache (354)
[2020.05.16-10.49.35:560][509]LogModuleManager: Shutting down and abandoning module GeometryCacheEd (353)
[2020.05.16-10.49.35:560][509]LogModuleManager: Shutting down and abandoning module VariantManagerContent (348)
[2020.05.16-10.49.35:560][509]LogModuleManager: Shutting down and abandoning module DatasmithContentEditor (346)
[2020.05.16-10.49.35:560][509]LogModuleManager: Shutting down and abandoning module SpeedTreeImporter (344)
[2020.05.16-10.49.35:560][509]LogModuleManager: Shutting down and abandoning module PluginBrowser (342)
[2020.05.16-10.49.35:586][509]LogModuleManager: Shutting down and abandoning module MobileLauncherProfileWizard (340)
[2020.05.16-10.49.35:595][509]LogModuleManager: Shutting down and abandoning module PolygonModeling (338)
[2020.05.16-10.49.35:595][509]LogModuleManager: Shutting down and abandoning module MeshEditor (336)
[2020.05.16-10.49.35:595][509]LogModuleManager: Shutting down and abandoning module MaterialAnalyzer (334)
[2020.05.16-10.49.35:603][509]LogModuleManager: Shutting down and abandoning module GLTFImporter (332)
[2020.05.16-10.49.35:603][509]LogModuleManager: Shutting down and abandoning module EditorScriptingUtilities (330)
[2020.05.16-10.49.35:603][509]LogModuleManager: Shutting down and abandoning module CryptoKeysOpenSSL (328)
[2020.05.16-10.49.35:603][509]LogModuleManager: Shutting down and abandoning module CryptoKeys (326)
[2020.05.16-10.49.35:603][509]LogModuleManager: Shutting down and abandoning module VisualStudioSourceCodeAccess (324)
[2020.05.16-10.49.35:614][509]LogModuleManager: Shutting down and abandoning module VisualStudioCodeSourceCodeAccess (322)
[2020.05.16-10.49.35:614][509]LogModuleManager: Shutting down and abandoning module UObjectPlugin (320)
[2020.05.16-10.49.35:614][509]LogModuleManager: Shutting down and abandoning module SubversionSourceControl (318)
[2020.05.16-10.49.35:618][509]LogModuleManager: Shutting down and abandoning module PerforceSourceControl (316)
[2020.05.16-10.49.35:631][509]LogModuleManager: Shutting down and abandoning module GitSourceControl (314)
[2020.05.16-10.49.35:645][509]LogModuleManager: Shutting down and abandoning module SourceControl (313)
[2020.05.16-10.49.35:654][509]LogModuleManager: Shutting down and abandoning module CLionSourceCodeAccess (310)
[2020.05.16-10.49.35:654][509]LogModuleManager: Shutting down and abandoning module AnimationSharingEd (308)
[2020.05.16-10.49.35:654][509]LogModuleManager: Shutting down and abandoning module ActorLayerUtilitiesEditor (306)
[2020.05.16-10.49.35:654][509]LogModuleManager: Shutting down and abandoning module ActorLayerUtilities (304)
[2020.05.16-10.49.35:654][509]LogModuleManager: Shutting down and abandoning module LightPropagationVolumeEditor (302)
[2020.05.16-10.49.35:654][509]LogModuleManager: Shutting down and abandoning module PaperTiledImporter (300)
[2020.05.16-10.49.35:654][509]LogModuleManager: Shutting down and abandoning module PaperSpriteSheetImporter (298)
[2020.05.16-10.49.35:654][509]LogModuleManager: Shutting down and abandoning module Paper2DEditor (296)
[2020.05.16-10.49.35:680][509]LogModuleManager: Shutting down and abandoning module SignificanceManager (294)
[2020.05.16-10.49.35:680][509]LogModuleManager: Shutting down and abandoning module RuntimePhysXCooking (292)
[2020.05.16-10.49.35:680][509]LogModuleManager: Shutting down and abandoning module PhysXVehiclesEditor (290)
[2020.05.16-10.49.35:680][509]LogModuleManager: Shutting down and abandoning module PhysXVehicles (288)
[2020.05.16-10.49.35:680][509]LogModuleManager: Shutting down and abandoning module LocationServicesBPLibrary (286)
[2020.05.16-10.49.35:680][509]LogModuleManager: Shutting down and abandoning module ActorSequence (284)
[2020.05.16-10.49.35:680][509]LogModuleManager: Shutting down and abandoning module UdpMessaging (282)
[2020.05.16-10.49.35:781][509]LogModuleManager: Shutting down and abandoning module TcpMessaging (280)
[2020.05.16-10.49.35:893][509]LogModuleManager: Shutting down and abandoning module MagicLeapIdentity (278)
[2020.05.16-10.49.35:893][509]LogModuleManager: Shutting down and abandoning module MagicLeapSecureStorage (276)
[2020.05.16-10.49.35:893][509]LogModuleManager: Shutting down and abandoning module MagicLeapHandTracking (274)
[2020.05.16-10.49.35:901][509]LogModuleManager: Shutting down and abandoning module MagicLeapEyeTracker (272)
[2020.05.16-10.49.35:901][509]LogModuleManager: Shutting down and abandoning module MagicLeapController (270)
[2020.05.16-10.49.35:911][509]LogSlate: Slate User Destroyed.  User Index 0, Is Virtual User: 0
[2020.05.16-10.49.35:911][509]LogModuleManager: Shutting down and abandoning module MagicLeapAR (268)
[2020.05.16-10.49.35:911][509]LogModuleManager: Shutting down and abandoning module AugmentedReality (267)
[2020.05.16-10.49.35:911][509]LogModuleManager: Shutting down and abandoning module GameplayTagsEditor (264)
[2020.05.16-10.49.35:925][509]LogModuleManager: Shutting down and abandoning module FacialAnimationEditor (262)
[2020.05.16-10.49.35:925][509]LogModuleManager: Shutting down and abandoning module FacialAnimation (260)
[2020.05.16-10.49.35:925][509]LogModuleManager: Shutting down and abandoning module DataValidation (258)
[2020.05.16-10.49.35:925][509]LogModuleManager: Shutting down and abandoning module AssetManagerEditor (256)
[2020.05.16-10.49.35:938][509]LogModuleManager: Shutting down and abandoning module LevelEditor (255)
[2020.05.16-10.49.35:949][509]LogModuleManager: Shutting down and abandoning module PixelInspectorModule (254)
[2020.05.16-10.49.35:954][509]LogModuleManager: Shutting down and abandoning module CommonMenuExtensions (252)
[2020.05.16-10.49.35:954][509]LogModuleManager: Shutting down and abandoning module MainFrame (250)
[2020.05.16-10.49.35:954][509]LogModuleManager: Shutting down and abandoning module HotReload (249)
[2020.05.16-10.49.35:961][509]LogModuleManager: Shutting down and abandoning module ContentBrowser (245)
[2020.05.16-10.49.35:962][509]LogModuleManager: Shutting down and abandoning module TreeMap (243)
[2020.05.16-10.49.35:971][509]LogModuleManager: Shutting down and abandoning module AnimationSharing (240)
[2020.05.16-10.49.35:971][509]LogModuleManager: Shutting down and abandoning module LightPropagationVolumeRuntime (238)
[2020.05.16-10.49.35:971][509]LogModuleManager: Shutting down and abandoning module AISupportModule (236)
[2020.05.16-10.49.35:971][509]LogModuleManager: Shutting down and abandoning module Paper2D (234)
[2020.05.16-10.49.35:978][509]LogModuleManager: Shutting down and abandoning module WindowsMoviePlayer (232)
[2020.05.16-10.49.35:988][509]LogModuleManager: Shutting down and abandoning module WebMMoviePlayer (230)
[2020.05.16-10.49.35:995][509]LogModuleManager: Shutting down and abandoning module PacketHandler (228)
[2020.05.16-10.49.35:995][509]LogModuleManager: Shutting down and abandoning module ClothingSystemEditor (226)
[2020.05.16-10.49.35:995][509]LogModuleManager: Shutting down and abandoning module ClothingSystemRuntime (224)
[2020.05.16-10.49.36:003][509]LogModuleManager: Shutting down and abandoning module MediaAssets (222)
[2020.05.16-10.49.36:003][509]LogModuleManager: Shutting down and abandoning module Overlay (220)
[2020.05.16-10.49.36:003][509]LogModuleManager: Shutting down and abandoning module OverlayEditor (219)
[2020.05.16-10.49.36:003][509]LogModuleManager: Shutting down and abandoning module VREditor (216)
[2020.05.16-10.49.36:011][509]LogModuleManager: Shutting down and abandoning module StringTableEditor (214)
[2020.05.16-10.49.36:020][509]LogModuleManager: Shutting down and abandoning module GameplayTasksEditor (212)
[2020.05.16-10.49.36:021][509]LogModuleManager: Shutting down and abandoning module BehaviorTreeEditor (210)
[2020.05.16-10.49.36:036][509]LogModuleManager: Shutting down and abandoning module FunctionalTesting (208)
[2020.05.16-10.49.36:040][509]LogModuleManager: Shutting down and abandoning module CollisionAnalyzer (206)
[2020.05.16-10.49.36:051][509]LogModuleManager: Shutting down and abandoning module WorkspaceMenuStructure (205)
[2020.05.16-10.49.36:058][509]LogModuleManager: Shutting down and abandoning module UMG (202)
[2020.05.16-10.49.36:062][509]LogModuleManager: Shutting down and abandoning module UMGEditor (201)
[2020.05.16-10.49.36:078][509]LogModuleManager: Shutting down and abandoning module Sequencer (200)
[2020.05.16-10.49.36:133][509]LogModuleManager: Shutting down and abandoning module MessageLog (197)
[2020.05.16-10.49.36:134][509]LogModuleManager: Shutting down and abandoning module SlateReflector (192)
[2020.05.16-10.49.36:165][509]LogModuleManager: Shutting down and abandoning module Slate (190)
[2020.05.16-10.49.36:165][509]LogModuleManager: Shutting down and abandoning module EditorStyle (188)
[2020.05.16-10.49.36:174][509]LogModuleManager: Shutting down and abandoning module UnrealEd (186)
[2020.05.16-10.49.36:183][509]LogModuleManager: Shutting down and abandoning module MRMesh (184)
[2020.05.16-10.49.36:183][509]LogModuleManager: Shutting down and abandoning module SourceCodeAccess (182)
[2020.05.16-10.49.36:183][509]LogModuleManager: Shutting down and abandoning module HeadMountedDisplay (180)
[2020.05.16-10.49.36:183][509]LogModuleManager: Shutting down and abandoning module XAudio2 (178)
[2020.05.16-10.49.36:183][509]LogModuleManager: Shutting down and abandoning module Networking (176)
[2020.05.16-10.49.36:183][509]LogModuleManager: Shutting down and abandoning module Core (174)
[2020.05.16-10.49.36:183][509]LogModuleManager: Shutting down and abandoning module KismetCompiler (172)
[2020.05.16-10.49.36:183][509]LogModuleManager: Shutting down and abandoning module MeshUtilities (170)
[2020.05.16-10.49.36:190][509]LogModuleManager: Shutting down and abandoning module MeshMergeUtilities (169)
[2020.05.16-10.49.36:202][509]LogModuleManager: Shutting down and abandoning module MeshReductionInterface (168)
[2020.05.16-10.49.36:202][509]LogModuleManager: Shutting down and abandoning module SkeletalMeshReduction (167)
[2020.05.16-10.49.36:209][509]LogModuleManager: Shutting down and abandoning module ProxyLODMeshReduction (165)
[2020.05.16-10.49.36:229][509]LogModuleManager: Shutting down and abandoning module QuadricMeshReduction (163)
[2020.05.16-10.49.36:242][509]LogModuleManager: Shutting down and abandoning module MaterialBaking (159)
[2020.05.16-10.49.36:253][509]LogModuleManager: Shutting down and abandoning module DerivedDataCache (154)
[2020.05.16-10.49.36:271][509]LogDerivedDataCache: Shutdown
[2020.05.16-10.49.36:271][509]LogModuleManager: Shutting down and abandoning module XGEController (152)
[2020.05.16-10.49.36:271][509]LogXGEController: Cleaning working directory: C:/Users/Rhys Davies/AppData/Local/Temp/UnrealXGEWorkingDir/
[2020.05.16-10.49.36:277][509]LogModuleManager: Shutting down and abandoning module TargetPlatform (150)
[2020.05.16-10.49.36:290][509]LogModuleManager: Shutting down and abandoning module VulkanShaderFormat (149)
[2020.05.16-10.49.36:301][509]LogModuleManager: Shutting down and abandoning module ShaderFormatVectorVM (147)
[2020.05.16-10.49.36:305][509]LogModuleManager: Shutting down and abandoning module ShaderFormatOpenGL (145)
[2020.05.16-10.49.36:314][509]LogModuleManager: Shutting down and abandoning module ShaderFormatD3D (143)
[2020.05.16-10.49.36:327][509]LogModuleManager: Shutting down and abandoning module MetalShaderFormat (141)
[2020.05.16-10.49.36:341][509]LogModuleManager: Shutting down and abandoning module TextureFormatUncompressed (139)
[2020.05.16-10.49.36:341][509]LogModuleManager: Shutting down and abandoning module TextureFormatPVR (137)
[2020.05.16-10.49.36:341][509]LogModuleManager: Shutting down and abandoning module TextureFormatDXT (135)
[2020.05.16-10.49.36:353][509]LogModuleManager: Shutting down and abandoning module TextureFormatIntelISPCTexComp (133)
[2020.05.16-10.49.36:367][509]LogModuleManager: Shutting down and abandoning module TextureFormatASTC (131)
[2020.05.16-10.49.36:367][509]LogModuleManager: Shutting down and abandoning module ImageWrapper (130)
[2020.05.16-10.49.36:367][509]LogModuleManager: Shutting down and abandoning module TextureFormatAndroid (127)
[2020.05.16-10.49.36:367][509]LogModuleManager: Shutting down and abandoning module AudioFormatOpus (125)
[2020.05.16-10.49.36:377][509]LogModuleManager: Shutting down and abandoning module AudioFormatOgg (123)
[2020.05.16-10.49.36:377][509]LogModuleManager: Shutting down and abandoning module AudioFormatADPCM (121)
[2020.05.16-10.49.36:388][509]LogModuleManager: Shutting down and abandoning module LuminTargetPlatform (119)
[2020.05.16-10.49.36:397][509]LogModuleManager: Shutting down and abandoning module LinuxTargetPlatform (117)
[2020.05.16-10.49.36:397][509]LogModuleManager: Shutting down and abandoning module LinuxServerTargetPlatform (115)
[2020.05.16-10.49.36:401][509]LogModuleManager: Shutting down and abandoning module LinuxNoEditorTargetPlatform (113)
[2020.05.16-10.49.36:407][509]LogModuleManager: Shutting down and abandoning module LinuxClientTargetPlatform (111)
[2020.05.16-10.49.36:407][509]LogModuleManager: Shutting down and abandoning module TVOSTargetPlatform (109)
[2020.05.16-10.49.36:408][509]LogModuleManager: Shutting down and abandoning module Messaging (107)
[2020.05.16-10.49.36:408][509]LogModuleManager: Shutting down and abandoning module IOSTargetPlatform (105)
[2020.05.16-10.49.36:408][509]LogModuleManager: Shutting down and abandoning module HTML5TargetPlatform (103)
[2020.05.16-10.49.36:408][509]LogModuleManager: Shutting down and abandoning module AndroidTargetPlatform (101)
[2020.05.16-10.49.36:412][509]LogModuleManager: Shutting down and abandoning module WindowsTargetPlatform (99)
[2020.05.16-10.49.36:412][509]LogModuleManager: Shutting down and abandoning module WindowsServerTargetPlatform (97)
[2020.05.16-10.49.36:412][509]LogModuleManager: Shutting down and abandoning module WindowsNoEditorTargetPlatform (95)
[2020.05.16-10.49.36:412][509]LogModuleManager: Shutting down and abandoning module WindowsClientTargetPlatform (93)
[2020.05.16-10.49.36:420][509]LogModuleManager: Shutting down and abandoning module MacTargetPlatform (91)
[2020.05.16-10.49.36:420][509]LogModuleManager: Shutting down and abandoning module MacServerTargetPlatform (89)
[2020.05.16-10.49.36:420][509]LogModuleManager: Shutting down and abandoning module MacNoEditorTargetPlatform (87)
[2020.05.16-10.49.36:420][509]LogModuleManager: Shutting down and abandoning module MacClientTargetPlatform (85)
[2020.05.16-10.49.36:420][509]LogModuleManager: Shutting down and abandoning module AllDesktopTargetPlatform (83)
[2020.05.16-10.49.36:420][509]LogModuleManager: Shutting down and abandoning module InputCore (80)
[2020.05.16-10.49.36:420][509]LogModuleManager: Shutting down and abandoning module Settings (78)
[2020.05.16-10.49.36:420][509]LogModuleManager: Shutting down and abandoning module DirectoryWatcher (76)
[2020.05.16-10.49.36:421][509]LogModuleManager: Shutting down and abandoning module PhysXCooking (74)
[2020.05.16-10.49.36:421][509]LogModuleManager: Shutting down and abandoning module SteamVR (72)
[2020.05.16-10.49.36:431][509]LogHMD: Freeing OpenVRDLLHandle.
[2020.05.16-10.49.36:431][509]LogModuleManager: Shutting down and abandoning module OculusHMD (70)
[2020.05.16-10.49.36:438][509]LogModuleManager: Shutting down and abandoning module ExampleDeviceProfileSelector (68)
[2020.05.16-10.49.36:439][509]LogModuleManager: Shutting down and abandoning module LauncherChunkInstaller (66)
[2020.05.16-10.49.36:439][509]LogModuleManager: Shutting down and abandoning module OnlineBlueprintSupport (64)
[2020.05.16-10.49.36:439][509]LogModuleManager: Shutting down and abandoning module OnlineSubsystem (60)
[2020.05.16-10.49.36:461][509]LogModuleManager: Shutting down and abandoning module XMPP (55)
[2020.05.16-10.49.36:470][509]LogModuleManager: Shutting down and abandoning module WebSockets (54)
[2020.05.16-10.49.36:507][509]LogModuleManager: Shutting down and abandoning module HTTP (51)
[2020.05.16-10.49.36:507][509]LogHttp: Display: Http module shutting down, but needs to wait on 1 outstanding Http requests:
[2020.05.16-10.49.36:507][509]LogHttp: Display: 	verb=[POST] url=[https://datarouter.ol.epicgames.com/datarouter/api/v1/public/data?SessionID=%7BC1E16EE8-4082-857C-5B30-11A3CD8E72CF%7D&AppID=UEEditor.Rocket.Release&AppVersion=4.22.3-7053642%2B%2B%2BUE4%2BRelease-4.22&UserID=30bf4a0345d6d2a67546bf853be30791%7C73057518147d488a9dcd2da247824bea%7Cbcae9ff1-2e96-4b8a-b307-aae37fe223f4&AppEnvironment=datacollector-binary&UploadType=eteventstream] status=Processing
[2020.05.16-10.49.36:533][509]LogModuleManager: Shutting down and abandoning module SSL (50)
[2020.05.16-10.49.36:538][509]LogModuleManager: Shutting down and abandoning module WmfMedia (46)
[2020.05.16-10.49.36:548][509]LogModuleManager: Shutting down and abandoning module Media (45)
[2020.05.16-10.49.36:555][509]LogModuleManager: Shutting down and abandoning module MagicLeap (42)
[2020.05.16-10.49.36:567][509]LogModuleManager: Shutting down and abandoning module DatasmithContent (40)
[2020.05.16-10.49.36:567][509]LogModuleManager: Shutting down and abandoning module AnimationModifiers (38)
[2020.05.16-10.49.36:583][509]LogModuleManager: Shutting down and abandoning module PropertyEditor (37)
[2020.05.16-10.49.36:604][509]LogModuleManager: Shutting down and abandoning module AudioEditor (34)
[2020.05.16-10.49.36:632][509]LogModuleManager: Shutting down and abandoning module TextureCompressor (32)
[2020.05.16-10.49.36:633][509]LogModuleManager: Shutting down and abandoning module RenderCore (30)
[2020.05.16-10.49.36:633][509]LogModuleManager: Shutting down and abandoning module Landscape (28)
[2020.05.16-10.49.36:633][509]LogModuleManager: Shutting down and abandoning module SlateRHIRenderer (26)
[2020.05.16-10.49.36:640][509]LogModuleManager: Shutting down and abandoning module OpenGLDrv (24)
[2020.05.16-10.49.36:653][509]LogModuleManager: Shutting down and abandoning module D3D11RHI (22)
[2020.05.16-10.49.36:653][509]LogModuleManager: Shutting down and abandoning module AnimGraphRuntime (20)
[2020.05.16-10.49.36:653][509]LogModuleManager: Shutting down and abandoning module Renderer (18)
[2020.05.16-10.49.36:653][509]LogModuleManager: Shutting down and abandoning module Engine (16)
[2020.05.16-10.49.36:653][509]LogModuleManager: Shutting down and abandoning module CoreUObject (14)
[2020.05.16-10.49.36:653][509]LogModuleManager: Shutting down and abandoning module NetworkFile (12)
[2020.05.16-10.49.36:664][509]LogModuleManager: Shutting down and abandoning module CookedIterativeFile (10)
[2020.05.16-10.49.36:665][509]LogModuleManager: Shutting down and abandoning module StreamingFile (8)
[2020.05.16-10.49.36:671][509]LogModuleManager: Shutting down and abandoning module SandboxFile (6)
[2020.05.16-10.49.36:671][509]LogModuleManager: Shutting down and abandoning module PakFile (4)
[2020.05.16-10.49.36:680][509]LogModuleManager: Shutting down and abandoning module RSA (3)
[2020.05.16-10.49.36:705][509]LogExit: Exiting.
[2020.05.16-10.49.36:708][509]Log file closed, 05/16/20 11:49:36
